

Started GET "/" for 127.0.0.1 at 2014-08-07 18:09:20 +0200

Psych::BadAlias (Cannot load `Rails.application.database_configuration`:
Unknown alias: test):
  /usr/local/Cellar/rbenv/versions/2.1.2/lib/ruby/2.1.0/psych/visitors/to_ruby.rb:284:in `block in visit_Psych_Nodes_Alias'
  /usr/local/Cellar/rbenv/versions/2.1.2/lib/ruby/2.1.0/psych/visitors/to_ruby.rb:284:in `fetch'
  /usr/local/Cellar/rbenv/versions/2.1.2/lib/ruby/2.1.0/psych/visitors/to_ruby.rb:284:in `visit_Psych_Nodes_Alias'
  /usr/local/Cellar/rbenv/versions/2.1.2/lib/ruby/2.1.0/psych/visitors/visitor.rb:15:in `visit'
  /usr/local/Cellar/rbenv/versions/2.1.2/lib/ruby/2.1.0/psych/visitors/visitor.rb:5:in `accept'
  /usr/local/Cellar/rbenv/versions/2.1.2/lib/ruby/2.1.0/psych/visitors/to_ruby.rb:31:in `accept'
  /usr/local/Cellar/rbenv/versions/2.1.2/lib/ruby/2.1.0/psych/visitors/to_ruby.rb:302:in `block in revive_hash'
  /usr/local/Cellar/rbenv/versions/2.1.2/lib/ruby/2.1.0/psych/visitors/to_ruby.rb:300:in `each'
  /usr/local/Cellar/rbenv/versions/2.1.2/lib/ruby/2.1.0/psych/visitors/to_ruby.rb:300:in `each_slice'
  /usr/local/Cellar/rbenv/versions/2.1.2/lib/ruby/2.1.0/psych/visitors/to_ruby.rb:300:in `revive_hash'
  /usr/local/Cellar/rbenv/versions/2.1.2/lib/ruby/2.1.0/psych/visitors/to_ruby.rb:161:in `visit_Psych_Nodes_Mapping'
  /usr/local/Cellar/rbenv/versions/2.1.2/lib/ruby/2.1.0/psych/visitors/visitor.rb:15:in `visit'
  /usr/local/Cellar/rbenv/versions/2.1.2/lib/ruby/2.1.0/psych/visitors/visitor.rb:5:in `accept'
  /usr/local/Cellar/rbenv/versions/2.1.2/lib/ruby/2.1.0/psych/visitors/to_ruby.rb:31:in `accept'
  /usr/local/Cellar/rbenv/versions/2.1.2/lib/ruby/2.1.0/psych/visitors/to_ruby.rb:302:in `block in revive_hash'
  /usr/local/Cellar/rbenv/versions/2.1.2/lib/ruby/2.1.0/psych/visitors/to_ruby.rb:300:in `each'
  /usr/local/Cellar/rbenv/versions/2.1.2/lib/ruby/2.1.0/psych/visitors/to_ruby.rb:300:in `each_slice'
  /usr/local/Cellar/rbenv/versions/2.1.2/lib/ruby/2.1.0/psych/visitors/to_ruby.rb:300:in `revive_hash'
  /usr/local/Cellar/rbenv/versions/2.1.2/lib/ruby/2.1.0/psych/visitors/to_ruby.rb:161:in `visit_Psych_Nodes_Mapping'
  /usr/local/Cellar/rbenv/versions/2.1.2/lib/ruby/2.1.0/psych/visitors/visitor.rb:15:in `visit'
  /usr/local/Cellar/rbenv/versions/2.1.2/lib/ruby/2.1.0/psych/visitors/visitor.rb:5:in `accept'
  /usr/local/Cellar/rbenv/versions/2.1.2/lib/ruby/2.1.0/psych/visitors/to_ruby.rb:31:in `accept'
  /usr/local/Cellar/rbenv/versions/2.1.2/lib/ruby/2.1.0/psych/visitors/to_ruby.rb:276:in `visit_Psych_Nodes_Document'
  /usr/local/Cellar/rbenv/versions/2.1.2/lib/ruby/2.1.0/psych/visitors/visitor.rb:15:in `visit'
  /usr/local/Cellar/rbenv/versions/2.1.2/lib/ruby/2.1.0/psych/visitors/visitor.rb:5:in `accept'
  /usr/local/Cellar/rbenv/versions/2.1.2/lib/ruby/2.1.0/psych/visitors/to_ruby.rb:31:in `accept'
  /usr/local/Cellar/rbenv/versions/2.1.2/lib/ruby/2.1.0/psych/nodes/node.rb:37:in `to_ruby'
  /usr/local/Cellar/rbenv/versions/2.1.2/lib/ruby/2.1.0/psych.rb:246:in `load'
  railties (4.1.4) lib/rails/application/configuration.rb:99:in `database_configuration'
  activerecord (4.1.4) lib/active_record/railtie.rb:128:in `block (2 levels) in <class:Railtie>'
  activesupport (4.1.4) lib/active_support/lazy_load_hooks.rb:38:in `instance_eval'
  activesupport (4.1.4) lib/active_support/lazy_load_hooks.rb:38:in `execute_hook'
  activesupport (4.1.4) lib/active_support/lazy_load_hooks.rb:45:in `block in run_load_hooks'
  activesupport (4.1.4) lib/active_support/lazy_load_hooks.rb:44:in `each'
  activesupport (4.1.4) lib/active_support/lazy_load_hooks.rb:44:in `run_load_hooks'
  activerecord (4.1.4) lib/active_record/base.rb:326:in `<module:ActiveRecord>'
  activerecord (4.1.4) lib/active_record/base.rb:23:in `<top (required)>'
  activerecord (4.1.4) lib/active_record/connection_adapters/abstract/connection_pool.rb:628:in `rescue in call'
  activerecord (4.1.4) lib/active_record/connection_adapters/abstract/connection_pool.rb:619:in `call'
  activerecord (4.1.4) lib/active_record/migration.rb:380:in `call'
  actionpack (4.1.4) lib/action_dispatch/middleware/callbacks.rb:29:in `block in call'
  activesupport (4.1.4) lib/active_support/callbacks.rb:82:in `run_callbacks'
  actionpack (4.1.4) lib/action_dispatch/middleware/callbacks.rb:27:in `call'
  actionpack (4.1.4) lib/action_dispatch/middleware/reloader.rb:73:in `call'
  actionpack (4.1.4) lib/action_dispatch/middleware/remote_ip.rb:76:in `call'
  actionpack (4.1.4) lib/action_dispatch/middleware/debug_exceptions.rb:17:in `call'
  actionpack (4.1.4) lib/action_dispatch/middleware/show_exceptions.rb:30:in `call'
  railties (4.1.4) lib/rails/rack/logger.rb:38:in `call_app'
  railties (4.1.4) lib/rails/rack/logger.rb:20:in `block in call'
  activesupport (4.1.4) lib/active_support/tagged_logging.rb:68:in `block in tagged'
  activesupport (4.1.4) lib/active_support/tagged_logging.rb:26:in `tagged'
  activesupport (4.1.4) lib/active_support/tagged_logging.rb:68:in `tagged'
  railties (4.1.4) lib/rails/rack/logger.rb:20:in `call'
  actionpack (4.1.4) lib/action_dispatch/middleware/request_id.rb:21:in `call'
  rack (1.5.2) lib/rack/methodoverride.rb:21:in `call'
  rack (1.5.2) lib/rack/runtime.rb:17:in `call'
  activesupport (4.1.4) lib/active_support/cache/strategy/local_cache_middleware.rb:26:in `call'
  rack (1.5.2) lib/rack/lock.rb:17:in `call'
  actionpack (4.1.4) lib/action_dispatch/middleware/static.rb:64:in `call'
  rack (1.5.2) lib/rack/sendfile.rb:112:in `call'
  railties (4.1.4) lib/rails/engine.rb:514:in `call'
  railties (4.1.4) lib/rails/application.rb:144:in `call'
  puma (2.9.0) lib/puma/rack_patch.rb:13:in `call'
  puma (2.9.0) lib/puma/configuration.rb:71:in `call'
  puma (2.9.0) lib/puma/server.rb:490:in `handle_request'
  puma (2.9.0) lib/puma/server.rb:361:in `process_client'
  puma (2.9.0) lib/puma/server.rb:254:in `block in run'
  puma (2.9.0) lib/puma/thread_pool.rb:92:in `call'
  puma (2.9.0) lib/puma/thread_pool.rb:92:in `block in spawn_thread'


  Rendered /usr/local/Cellar/rbenv/versions/2.1.2/lib/ruby/gems/2.1.0/gems/actionpack-4.1.4/lib/action_dispatch/middleware/templates/rescues/_source.erb (0.8ms)
  Rendered /usr/local/Cellar/rbenv/versions/2.1.2/lib/ruby/gems/2.1.0/gems/actionpack-4.1.4/lib/action_dispatch/middleware/templates/rescues/_trace.html.erb (1.1ms)
  Rendered /usr/local/Cellar/rbenv/versions/2.1.2/lib/ruby/gems/2.1.0/gems/actionpack-4.1.4/lib/action_dispatch/middleware/templates/rescues/_request_and_response.html.erb (1.1ms)
  Rendered /usr/local/Cellar/rbenv/versions/2.1.2/lib/ruby/gems/2.1.0/gems/actionpack-4.1.4/lib/action_dispatch/middleware/templates/rescues/diagnostics.erb within rescues/layout (23.1ms)
  [1m[36m (335.4ms)[0m  [1mCREATE DATABASE "githubmates" ENCODING = 'utf8'[0m


Started GET "/" for 127.0.0.1 at 2014-08-07 18:14:25 +0200
Processing by Rails::WelcomeController#index as HTML
  Rendered /usr/local/Cellar/rbenv/versions/2.1.2/lib/ruby/gems/2.1.0/gems/railties-4.1.4/lib/rails/templates/rails/welcome/index.html.erb (1.7ms)
Completed 200 OK in 13ms (Views: 5.8ms | ActiveRecord: 0.0ms)


Started GET "/rails/info/properties" for 127.0.0.1 at 2014-08-07 18:16:56 +0200
Processing by Rails::InfoController#properties as HTML
  [1m[36mActiveRecord::SchemaMigration Load (0.3ms)[0m  [1mSELECT "schema_migrations".* FROM "schema_migrations"[0m
  Rendered /usr/local/Cellar/rbenv/versions/2.1.2/lib/ruby/gems/2.1.0/gems/railties-4.1.4/lib/rails/templates/rails/info/properties.html.erb (0.6ms)
Completed 200 OK in 41ms (Views: 8.5ms | ActiveRecord: 2.3ms)


Started GET "/rails/info/routes" for 127.0.0.1 at 2014-08-07 18:17:05 +0200
Processing by Rails::InfoController#routes as HTML
  Rendered /usr/local/Cellar/rbenv/versions/2.1.2/lib/ruby/gems/2.1.0/gems/actionpack-4.1.4/lib/action_dispatch/middleware/templates/routes/_table.html.erb (6.8ms)
  Rendered /usr/local/Cellar/rbenv/versions/2.1.2/lib/ruby/gems/2.1.0/gems/railties-4.1.4/lib/rails/templates/rails/info/routes.html.erb within layouts/application (9.6ms)
Completed 200 OK in 14ms (Views: 13.5ms | ActiveRecord: 0.0ms)


Started GET "/rails/info/" for 127.0.0.1 at 2014-08-07 18:17:15 +0200
Processing by Rails::InfoController#index as HTML
Redirected to http://0.0.0.0:5000/rails/info/routes
Completed 302 Found in 1ms (ActiveRecord: 0.0ms)


Started GET "/rails/info/routes" for 127.0.0.1 at 2014-08-07 18:17:15 +0200
Processing by Rails::InfoController#routes as HTML
  Rendered /usr/local/Cellar/rbenv/versions/2.1.2/lib/ruby/gems/2.1.0/gems/actionpack-4.1.4/lib/action_dispatch/middleware/templates/routes/_table.html.erb (0.2ms)
  Rendered /usr/local/Cellar/rbenv/versions/2.1.2/lib/ruby/gems/2.1.0/gems/railties-4.1.4/lib/rails/templates/rails/info/routes.html.erb within layouts/application (0.9ms)
Completed 200 OK in 3ms (Views: 2.4ms | ActiveRecord: 0.0ms)


Started GET "/rails/info/params" for 127.0.0.1 at 2014-08-07 18:17:17 +0200

ActionController::RoutingError (No route matches [GET] "/rails/info/params"):
  actionpack (4.1.4) lib/action_dispatch/middleware/debug_exceptions.rb:21:in `call'
  actionpack (4.1.4) lib/action_dispatch/middleware/show_exceptions.rb:30:in `call'
  railties (4.1.4) lib/rails/rack/logger.rb:38:in `call_app'
  railties (4.1.4) lib/rails/rack/logger.rb:20:in `block in call'
  activesupport (4.1.4) lib/active_support/tagged_logging.rb:68:in `block in tagged'
  activesupport (4.1.4) lib/active_support/tagged_logging.rb:26:in `tagged'
  activesupport (4.1.4) lib/active_support/tagged_logging.rb:68:in `tagged'
  railties (4.1.4) lib/rails/rack/logger.rb:20:in `call'
  actionpack (4.1.4) lib/action_dispatch/middleware/request_id.rb:21:in `call'
  rack (1.5.2) lib/rack/methodoverride.rb:21:in `call'
  rack (1.5.2) lib/rack/runtime.rb:17:in `call'
  activesupport (4.1.4) lib/active_support/cache/strategy/local_cache_middleware.rb:26:in `call'
  rack (1.5.2) lib/rack/lock.rb:17:in `call'
  actionpack (4.1.4) lib/action_dispatch/middleware/static.rb:64:in `call'
  rack (1.5.2) lib/rack/sendfile.rb:112:in `call'
  railties (4.1.4) lib/rails/engine.rb:514:in `call'
  railties (4.1.4) lib/rails/application.rb:144:in `call'
  puma (2.9.0) lib/puma/rack_patch.rb:13:in `call'
  puma (2.9.0) lib/puma/configuration.rb:71:in `call'
  puma (2.9.0) lib/puma/server.rb:490:in `handle_request'
  puma (2.9.0) lib/puma/server.rb:361:in `process_client'
  puma (2.9.0) lib/puma/server.rb:254:in `block in run'
  puma (2.9.0) lib/puma/thread_pool.rb:92:in `call'
  puma (2.9.0) lib/puma/thread_pool.rb:92:in `block in spawn_thread'


  Rendered /usr/local/Cellar/rbenv/versions/2.1.2/lib/ruby/gems/2.1.0/gems/actionpack-4.1.4/lib/action_dispatch/middleware/templates/rescues/_trace.html.erb (1.6ms)
  Rendered /usr/local/Cellar/rbenv/versions/2.1.2/lib/ruby/gems/2.1.0/gems/actionpack-4.1.4/lib/action_dispatch/middleware/templates/routes/_table.html.erb (1.8ms)
  Rendered /usr/local/Cellar/rbenv/versions/2.1.2/lib/ruby/gems/2.1.0/gems/actionpack-4.1.4/lib/action_dispatch/middleware/templates/rescues/routing_error.html.erb within rescues/layout (18.2ms)


Started GET "/" for 127.0.0.1 at 2014-08-07 18:17:22 +0200
Processing by Rails::WelcomeController#index as HTML
  Rendered /usr/local/Cellar/rbenv/versions/2.1.2/lib/ruby/gems/2.1.0/gems/railties-4.1.4/lib/rails/templates/rails/welcome/index.html.erb (0.1ms)
Completed 200 OK in 1ms (Views: 1.0ms | ActiveRecord: 0.0ms)


Started GET "/" for 127.0.0.1 at 2014-08-07 18:33:50 +0200
Processing by Rails::WelcomeController#index as HTML
  Rendered /usr/local/Cellar/rbenv/versions/2.1.2/lib/ruby/gems/2.1.0/gems/railties-4.1.4/lib/rails/templates/rails/welcome/index.html.erb (2.1ms)
Completed 200 OK in 19ms (Views: 10.7ms | ActiveRecord: 0.0ms)


Started GET "/" for 127.0.0.1 at 2014-08-07 18:34:05 +0200
Processing by WelcomeController#home as HTML
  Rendered welcome/home.slim within layouts/application (8.4ms)
Completed 500 Internal Server Error in 10ms

ActionView::Template::Error (Text line not indented deep enough.
The first text line defines the necessary text indentation.
Are you trying to nest a child tag in a tag containing text? Use | for the text block!
  /Users/gdurelle/Sites/githubmates/app/views/welcome/home.slim, Line 2, Column 1
    p Find me in app/views/welcome/home.html.erb
    ^
):
  slim (2.0.2) lib/slim/parser.rb:478:in `syntax_error!'
  slim (2.0.2) lib/slim/parser.rb:272:in `parse_text_block'
  slim (2.0.2) lib/slim/parser.rb:357:in `parse_tag'
  slim (2.0.2) lib/slim/parser.rb:228:in `parse_line_indicators'
  slim (2.0.2) lib/slim/parser.rb:176:in `parse_line'
  slim (2.0.2) lib/slim/parser.rb:77:in `call'
  temple (0.6.7) lib/temple/engine.rb:50:in `block in call'
  temple (0.6.7) lib/temple/engine.rb:50:in `each'
  temple (0.6.7) lib/temple/engine.rb:50:in `inject'
  temple (0.6.7) lib/temple/engine.rb:50:in `call'
  temple (0.6.7) lib/temple/mixins/template.rb:10:in `compile'
  temple (0.6.7) lib/temple/templates/rails.rb:34:in `call'
  actionview (4.1.4) lib/action_view/template.rb:270:in `compile'
  actionview (4.1.4) lib/action_view/template.rb:245:in `block (2 levels) in compile!'
  activesupport (4.1.4) lib/active_support/notifications.rb:161:in `instrument'
  actionview (4.1.4) lib/action_view/template.rb:339:in `instrument'
  actionview (4.1.4) lib/action_view/template.rb:244:in `block in compile!'
  actionview (4.1.4) lib/action_view/template.rb:232:in `synchronize'
  actionview (4.1.4) lib/action_view/template.rb:232:in `compile!'
  actionview (4.1.4) lib/action_view/template.rb:144:in `block in render'
  activesupport (4.1.4) lib/active_support/notifications.rb:161:in `instrument'
  actionview (4.1.4) lib/action_view/template.rb:339:in `instrument'
  actionview (4.1.4) lib/action_view/template.rb:143:in `render'
  actionview (4.1.4) lib/action_view/renderer/template_renderer.rb:55:in `block (2 levels) in render_template'
  actionview (4.1.4) lib/action_view/renderer/abstract_renderer.rb:38:in `block in instrument'
  activesupport (4.1.4) lib/active_support/notifications.rb:159:in `block in instrument'
  activesupport (4.1.4) lib/active_support/notifications/instrumenter.rb:20:in `instrument'
  activesupport (4.1.4) lib/active_support/notifications.rb:159:in `instrument'
  actionview (4.1.4) lib/action_view/renderer/abstract_renderer.rb:38:in `instrument'
  actionview (4.1.4) lib/action_view/renderer/template_renderer.rb:54:in `block in render_template'
  actionview (4.1.4) lib/action_view/renderer/template_renderer.rb:62:in `render_with_layout'
  actionview (4.1.4) lib/action_view/renderer/template_renderer.rb:53:in `render_template'
  actionview (4.1.4) lib/action_view/renderer/template_renderer.rb:17:in `render'
  actionview (4.1.4) lib/action_view/renderer/renderer.rb:42:in `render_template'
  actionview (4.1.4) lib/action_view/renderer/renderer.rb:23:in `render'
  actionview (4.1.4) lib/action_view/rendering.rb:99:in `_render_template'
  actionpack (4.1.4) lib/action_controller/metal/streaming.rb:217:in `_render_template'
  actionview (4.1.4) lib/action_view/rendering.rb:82:in `render_to_body'
  actionpack (4.1.4) lib/action_controller/metal/rendering.rb:32:in `render_to_body'
  actionpack (4.1.4) lib/action_controller/metal/renderers.rb:32:in `render_to_body'
  actionpack (4.1.4) lib/abstract_controller/rendering.rb:25:in `render'
  actionpack (4.1.4) lib/action_controller/metal/rendering.rb:16:in `render'
  actionpack (4.1.4) lib/action_controller/metal/instrumentation.rb:41:in `block (2 levels) in render'
  activesupport (4.1.4) lib/active_support/core_ext/benchmark.rb:12:in `block in ms'
  /usr/local/Cellar/rbenv/versions/2.1.2/lib/ruby/2.1.0/benchmark.rb:294:in `realtime'
  activesupport (4.1.4) lib/active_support/core_ext/benchmark.rb:12:in `ms'
  actionpack (4.1.4) lib/action_controller/metal/instrumentation.rb:41:in `block in render'
  actionpack (4.1.4) lib/action_controller/metal/instrumentation.rb:84:in `cleanup_view_runtime'
  activerecord (4.1.4) lib/active_record/railties/controller_runtime.rb:25:in `cleanup_view_runtime'
  actionpack (4.1.4) lib/action_controller/metal/instrumentation.rb:40:in `render'
  actionpack (4.1.4) lib/action_controller/metal/implicit_render.rb:10:in `default_render'
  actionpack (4.1.4) lib/action_controller/metal/implicit_render.rb:5:in `send_action'
  actionpack (4.1.4) lib/abstract_controller/base.rb:189:in `process_action'
  actionpack (4.1.4) lib/action_controller/metal/rendering.rb:10:in `process_action'
  actionpack (4.1.4) lib/abstract_controller/callbacks.rb:20:in `block in process_action'
  activesupport (4.1.4) lib/active_support/callbacks.rb:113:in `call'
  activesupport (4.1.4) lib/active_support/callbacks.rb:113:in `call'
  activesupport (4.1.4) lib/active_support/callbacks.rb:229:in `block in halting'
  activesupport (4.1.4) lib/active_support/callbacks.rb:229:in `call'
  activesupport (4.1.4) lib/active_support/callbacks.rb:229:in `block in halting'
  activesupport (4.1.4) lib/active_support/callbacks.rb:166:in `call'
  activesupport (4.1.4) lib/active_support/callbacks.rb:166:in `block in halting'
  activesupport (4.1.4) lib/active_support/callbacks.rb:166:in `call'
  activesupport (4.1.4) lib/active_support/callbacks.rb:166:in `block in halting'
  activesupport (4.1.4) lib/active_support/callbacks.rb:166:in `call'
  activesupport (4.1.4) lib/active_support/callbacks.rb:166:in `block in halting'
  activesupport (4.1.4) lib/active_support/callbacks.rb:86:in `call'
  activesupport (4.1.4) lib/active_support/callbacks.rb:86:in `run_callbacks'
  actionpack (4.1.4) lib/abstract_controller/callbacks.rb:19:in `process_action'
  actionpack (4.1.4) lib/action_controller/metal/rescue.rb:29:in `process_action'
  actionpack (4.1.4) lib/action_controller/metal/instrumentation.rb:31:in `block in process_action'
  activesupport (4.1.4) lib/active_support/notifications.rb:159:in `block in instrument'
  activesupport (4.1.4) lib/active_support/notifications/instrumenter.rb:20:in `instrument'
  activesupport (4.1.4) lib/active_support/notifications.rb:159:in `instrument'
  actionpack (4.1.4) lib/action_controller/metal/instrumentation.rb:30:in `process_action'
  actionpack (4.1.4) lib/action_controller/metal/params_wrapper.rb:250:in `process_action'
  activerecord (4.1.4) lib/active_record/railties/controller_runtime.rb:18:in `process_action'
  actionpack (4.1.4) lib/abstract_controller/base.rb:136:in `process'
  actionview (4.1.4) lib/action_view/rendering.rb:30:in `process'
  actionpack (4.1.4) lib/action_controller/metal.rb:196:in `dispatch'
  actionpack (4.1.4) lib/action_controller/metal/rack_delegation.rb:13:in `dispatch'
  actionpack (4.1.4) lib/action_controller/metal.rb:232:in `block in action'
  actionpack (4.1.4) lib/action_dispatch/routing/route_set.rb:82:in `call'
  actionpack (4.1.4) lib/action_dispatch/routing/route_set.rb:82:in `dispatch'
  actionpack (4.1.4) lib/action_dispatch/routing/route_set.rb:50:in `call'
  actionpack (4.1.4) lib/action_dispatch/journey/router.rb:71:in `block in call'
  actionpack (4.1.4) lib/action_dispatch/journey/router.rb:59:in `each'
  actionpack (4.1.4) lib/action_dispatch/journey/router.rb:59:in `call'
  actionpack (4.1.4) lib/action_dispatch/routing/route_set.rb:678:in `call'
  rack (1.5.2) lib/rack/etag.rb:23:in `call'
  rack (1.5.2) lib/rack/conditionalget.rb:25:in `call'
  rack (1.5.2) lib/rack/head.rb:11:in `call'
  actionpack (4.1.4) lib/action_dispatch/middleware/params_parser.rb:27:in `call'
  actionpack (4.1.4) lib/action_dispatch/middleware/flash.rb:254:in `call'
  rack (1.5.2) lib/rack/session/abstract/id.rb:225:in `context'
  rack (1.5.2) lib/rack/session/abstract/id.rb:220:in `call'
  actionpack (4.1.4) lib/action_dispatch/middleware/cookies.rb:560:in `call'
  activerecord (4.1.4) lib/active_record/query_cache.rb:36:in `call'
  activerecord (4.1.4) lib/active_record/connection_adapters/abstract/connection_pool.rb:621:in `call'
  activerecord (4.1.4) lib/active_record/migration.rb:380:in `call'
  actionpack (4.1.4) lib/action_dispatch/middleware/callbacks.rb:29:in `block in call'
  activesupport (4.1.4) lib/active_support/callbacks.rb:82:in `run_callbacks'
  actionpack (4.1.4) lib/action_dispatch/middleware/callbacks.rb:27:in `call'
  actionpack (4.1.4) lib/action_dispatch/middleware/reloader.rb:73:in `call'
  actionpack (4.1.4) lib/action_dispatch/middleware/remote_ip.rb:76:in `call'
  actionpack (4.1.4) lib/action_dispatch/middleware/debug_exceptions.rb:17:in `call'
  actionpack (4.1.4) lib/action_dispatch/middleware/show_exceptions.rb:30:in `call'
  railties (4.1.4) lib/rails/rack/logger.rb:38:in `call_app'
  railties (4.1.4) lib/rails/rack/logger.rb:20:in `block in call'
  activesupport (4.1.4) lib/active_support/tagged_logging.rb:68:in `block in tagged'
  activesupport (4.1.4) lib/active_support/tagged_logging.rb:26:in `tagged'
  activesupport (4.1.4) lib/active_support/tagged_logging.rb:68:in `tagged'
  railties (4.1.4) lib/rails/rack/logger.rb:20:in `call'
  actionpack (4.1.4) lib/action_dispatch/middleware/request_id.rb:21:in `call'
  rack (1.5.2) lib/rack/methodoverride.rb:21:in `call'
  rack (1.5.2) lib/rack/runtime.rb:17:in `call'
  activesupport (4.1.4) lib/active_support/cache/strategy/local_cache_middleware.rb:26:in `call'
  rack (1.5.2) lib/rack/lock.rb:17:in `call'
  actionpack (4.1.4) lib/action_dispatch/middleware/static.rb:64:in `call'
  rack (1.5.2) lib/rack/sendfile.rb:112:in `call'
  railties (4.1.4) lib/rails/engine.rb:514:in `call'
  railties (4.1.4) lib/rails/application.rb:144:in `call'
  puma (2.9.0) lib/puma/rack_patch.rb:13:in `call'
  puma (2.9.0) lib/puma/configuration.rb:71:in `call'
  puma (2.9.0) lib/puma/server.rb:490:in `handle_request'
  puma (2.9.0) lib/puma/server.rb:361:in `process_client'
  puma (2.9.0) lib/puma/server.rb:254:in `block in run'
  puma (2.9.0) lib/puma/thread_pool.rb:92:in `call'
  puma (2.9.0) lib/puma/thread_pool.rb:92:in `block in spawn_thread'


  Rendered /usr/local/Cellar/rbenv/versions/2.1.2/lib/ruby/gems/2.1.0/gems/actionpack-4.1.4/lib/action_dispatch/middleware/templates/rescues/template_error.html.erb within rescues/layout (5.1ms)


Started GET "/" for 127.0.0.1 at 2014-08-07 18:34:09 +0200
Processing by WelcomeController#home as HTML
  Rendered welcome/home.slim within layouts/application (1.6ms)
Completed 500 Internal Server Error in 3ms

ActionView::Template::Error (Text line not indented deep enough.
The first text line defines the necessary text indentation.
Are you trying to nest a child tag in a tag containing text? Use | for the text block!
  /Users/gdurelle/Sites/githubmates/app/views/welcome/home.slim, Line 2, Column 1
    p Find me in app/views/welcome/home.html.erb
    ^
):
  slim (2.0.2) lib/slim/parser.rb:478:in `syntax_error!'
  slim (2.0.2) lib/slim/parser.rb:272:in `parse_text_block'
  slim (2.0.2) lib/slim/parser.rb:357:in `parse_tag'
  slim (2.0.2) lib/slim/parser.rb:228:in `parse_line_indicators'
  slim (2.0.2) lib/slim/parser.rb:176:in `parse_line'
  slim (2.0.2) lib/slim/parser.rb:77:in `call'
  temple (0.6.7) lib/temple/engine.rb:50:in `block in call'
  temple (0.6.7) lib/temple/engine.rb:50:in `each'
  temple (0.6.7) lib/temple/engine.rb:50:in `inject'
  temple (0.6.7) lib/temple/engine.rb:50:in `call'
  temple (0.6.7) lib/temple/mixins/template.rb:10:in `compile'
  temple (0.6.7) lib/temple/templates/rails.rb:34:in `call'
  actionview (4.1.4) lib/action_view/template.rb:270:in `compile'
  actionview (4.1.4) lib/action_view/template.rb:245:in `block (2 levels) in compile!'
  activesupport (4.1.4) lib/active_support/notifications.rb:161:in `instrument'
  actionview (4.1.4) lib/action_view/template.rb:339:in `instrument'
  actionview (4.1.4) lib/action_view/template.rb:244:in `block in compile!'
  actionview (4.1.4) lib/action_view/template.rb:232:in `synchronize'
  actionview (4.1.4) lib/action_view/template.rb:232:in `compile!'
  actionview (4.1.4) lib/action_view/template.rb:144:in `block in render'
  activesupport (4.1.4) lib/active_support/notifications.rb:161:in `instrument'
  actionview (4.1.4) lib/action_view/template.rb:339:in `instrument'
  actionview (4.1.4) lib/action_view/template.rb:143:in `render'
  actionview (4.1.4) lib/action_view/renderer/template_renderer.rb:55:in `block (2 levels) in render_template'
  actionview (4.1.4) lib/action_view/renderer/abstract_renderer.rb:38:in `block in instrument'
  activesupport (4.1.4) lib/active_support/notifications.rb:159:in `block in instrument'
  activesupport (4.1.4) lib/active_support/notifications/instrumenter.rb:20:in `instrument'
  activesupport (4.1.4) lib/active_support/notifications.rb:159:in `instrument'
  actionview (4.1.4) lib/action_view/renderer/abstract_renderer.rb:38:in `instrument'
  actionview (4.1.4) lib/action_view/renderer/template_renderer.rb:54:in `block in render_template'
  actionview (4.1.4) lib/action_view/renderer/template_renderer.rb:62:in `render_with_layout'
  actionview (4.1.4) lib/action_view/renderer/template_renderer.rb:53:in `render_template'
  actionview (4.1.4) lib/action_view/renderer/template_renderer.rb:17:in `render'
  actionview (4.1.4) lib/action_view/renderer/renderer.rb:42:in `render_template'
  actionview (4.1.4) lib/action_view/renderer/renderer.rb:23:in `render'
  actionview (4.1.4) lib/action_view/rendering.rb:99:in `_render_template'
  actionpack (4.1.4) lib/action_controller/metal/streaming.rb:217:in `_render_template'
  actionview (4.1.4) lib/action_view/rendering.rb:82:in `render_to_body'
  actionpack (4.1.4) lib/action_controller/metal/rendering.rb:32:in `render_to_body'
  actionpack (4.1.4) lib/action_controller/metal/renderers.rb:32:in `render_to_body'
  actionpack (4.1.4) lib/abstract_controller/rendering.rb:25:in `render'
  actionpack (4.1.4) lib/action_controller/metal/rendering.rb:16:in `render'
  actionpack (4.1.4) lib/action_controller/metal/instrumentation.rb:41:in `block (2 levels) in render'
  activesupport (4.1.4) lib/active_support/core_ext/benchmark.rb:12:in `block in ms'
  /usr/local/Cellar/rbenv/versions/2.1.2/lib/ruby/2.1.0/benchmark.rb:294:in `realtime'
  activesupport (4.1.4) lib/active_support/core_ext/benchmark.rb:12:in `ms'
  actionpack (4.1.4) lib/action_controller/metal/instrumentation.rb:41:in `block in render'
  actionpack (4.1.4) lib/action_controller/metal/instrumentation.rb:84:in `cleanup_view_runtime'
  activerecord (4.1.4) lib/active_record/railties/controller_runtime.rb:25:in `cleanup_view_runtime'
  actionpack (4.1.4) lib/action_controller/metal/instrumentation.rb:40:in `render'
  actionpack (4.1.4) lib/action_controller/metal/implicit_render.rb:10:in `default_render'
  actionpack (4.1.4) lib/action_controller/metal/implicit_render.rb:5:in `send_action'
  actionpack (4.1.4) lib/abstract_controller/base.rb:189:in `process_action'
  actionpack (4.1.4) lib/action_controller/metal/rendering.rb:10:in `process_action'
  actionpack (4.1.4) lib/abstract_controller/callbacks.rb:20:in `block in process_action'
  activesupport (4.1.4) lib/active_support/callbacks.rb:113:in `call'
  activesupport (4.1.4) lib/active_support/callbacks.rb:113:in `call'
  activesupport (4.1.4) lib/active_support/callbacks.rb:229:in `block in halting'
  activesupport (4.1.4) lib/active_support/callbacks.rb:229:in `call'
  activesupport (4.1.4) lib/active_support/callbacks.rb:229:in `block in halting'
  activesupport (4.1.4) lib/active_support/callbacks.rb:166:in `call'
  activesupport (4.1.4) lib/active_support/callbacks.rb:166:in `block in halting'
  activesupport (4.1.4) lib/active_support/callbacks.rb:166:in `call'
  activesupport (4.1.4) lib/active_support/callbacks.rb:166:in `block in halting'
  activesupport (4.1.4) lib/active_support/callbacks.rb:166:in `call'
  activesupport (4.1.4) lib/active_support/callbacks.rb:166:in `block in halting'
  activesupport (4.1.4) lib/active_support/callbacks.rb:86:in `call'
  activesupport (4.1.4) lib/active_support/callbacks.rb:86:in `run_callbacks'
  actionpack (4.1.4) lib/abstract_controller/callbacks.rb:19:in `process_action'
  actionpack (4.1.4) lib/action_controller/metal/rescue.rb:29:in `process_action'
  actionpack (4.1.4) lib/action_controller/metal/instrumentation.rb:31:in `block in process_action'
  activesupport (4.1.4) lib/active_support/notifications.rb:159:in `block in instrument'
  activesupport (4.1.4) lib/active_support/notifications/instrumenter.rb:20:in `instrument'
  activesupport (4.1.4) lib/active_support/notifications.rb:159:in `instrument'
  actionpack (4.1.4) lib/action_controller/metal/instrumentation.rb:30:in `process_action'
  actionpack (4.1.4) lib/action_controller/metal/params_wrapper.rb:250:in `process_action'
  activerecord (4.1.4) lib/active_record/railties/controller_runtime.rb:18:in `process_action'
  actionpack (4.1.4) lib/abstract_controller/base.rb:136:in `process'
  actionview (4.1.4) lib/action_view/rendering.rb:30:in `process'
  actionpack (4.1.4) lib/action_controller/metal.rb:196:in `dispatch'
  actionpack (4.1.4) lib/action_controller/metal/rack_delegation.rb:13:in `dispatch'
  actionpack (4.1.4) lib/action_controller/metal.rb:232:in `block in action'
  actionpack (4.1.4) lib/action_dispatch/routing/route_set.rb:82:in `call'
  actionpack (4.1.4) lib/action_dispatch/routing/route_set.rb:82:in `dispatch'
  actionpack (4.1.4) lib/action_dispatch/routing/route_set.rb:50:in `call'
  actionpack (4.1.4) lib/action_dispatch/journey/router.rb:71:in `block in call'
  actionpack (4.1.4) lib/action_dispatch/journey/router.rb:59:in `each'
  actionpack (4.1.4) lib/action_dispatch/journey/router.rb:59:in `call'
  actionpack (4.1.4) lib/action_dispatch/routing/route_set.rb:678:in `call'
  rack (1.5.2) lib/rack/etag.rb:23:in `call'
  rack (1.5.2) lib/rack/conditionalget.rb:25:in `call'
  rack (1.5.2) lib/rack/head.rb:11:in `call'
  actionpack (4.1.4) lib/action_dispatch/middleware/params_parser.rb:27:in `call'
  actionpack (4.1.4) lib/action_dispatch/middleware/flash.rb:254:in `call'
  rack (1.5.2) lib/rack/session/abstract/id.rb:225:in `context'
  rack (1.5.2) lib/rack/session/abstract/id.rb:220:in `call'
  actionpack (4.1.4) lib/action_dispatch/middleware/cookies.rb:560:in `call'
  activerecord (4.1.4) lib/active_record/query_cache.rb:36:in `call'
  activerecord (4.1.4) lib/active_record/connection_adapters/abstract/connection_pool.rb:621:in `call'
  activerecord (4.1.4) lib/active_record/migration.rb:380:in `call'
  actionpack (4.1.4) lib/action_dispatch/middleware/callbacks.rb:29:in `block in call'
  activesupport (4.1.4) lib/active_support/callbacks.rb:82:in `run_callbacks'
  actionpack (4.1.4) lib/action_dispatch/middleware/callbacks.rb:27:in `call'
  actionpack (4.1.4) lib/action_dispatch/middleware/reloader.rb:73:in `call'
  actionpack (4.1.4) lib/action_dispatch/middleware/remote_ip.rb:76:in `call'
  actionpack (4.1.4) lib/action_dispatch/middleware/debug_exceptions.rb:17:in `call'
  actionpack (4.1.4) lib/action_dispatch/middleware/show_exceptions.rb:30:in `call'
  railties (4.1.4) lib/rails/rack/logger.rb:38:in `call_app'
  railties (4.1.4) lib/rails/rack/logger.rb:20:in `block in call'
  activesupport (4.1.4) lib/active_support/tagged_logging.rb:68:in `block in tagged'
  activesupport (4.1.4) lib/active_support/tagged_logging.rb:26:in `tagged'
  activesupport (4.1.4) lib/active_support/tagged_logging.rb:68:in `tagged'
  railties (4.1.4) lib/rails/rack/logger.rb:20:in `call'
  actionpack (4.1.4) lib/action_dispatch/middleware/request_id.rb:21:in `call'
  rack (1.5.2) lib/rack/methodoverride.rb:21:in `call'
  rack (1.5.2) lib/rack/runtime.rb:17:in `call'
  activesupport (4.1.4) lib/active_support/cache/strategy/local_cache_middleware.rb:26:in `call'
  rack (1.5.2) lib/rack/lock.rb:17:in `call'
  actionpack (4.1.4) lib/action_dispatch/middleware/static.rb:64:in `call'
  rack (1.5.2) lib/rack/sendfile.rb:112:in `call'
  railties (4.1.4) lib/rails/engine.rb:514:in `call'
  railties (4.1.4) lib/rails/application.rb:144:in `call'
  puma (2.9.0) lib/puma/rack_patch.rb:13:in `call'
  puma (2.9.0) lib/puma/configuration.rb:71:in `call'
  puma (2.9.0) lib/puma/server.rb:490:in `handle_request'
  puma (2.9.0) lib/puma/server.rb:361:in `process_client'
  puma (2.9.0) lib/puma/server.rb:254:in `block in run'
  puma (2.9.0) lib/puma/thread_pool.rb:92:in `call'
  puma (2.9.0) lib/puma/thread_pool.rb:92:in `block in spawn_thread'


  Rendered /usr/local/Cellar/rbenv/versions/2.1.2/lib/ruby/gems/2.1.0/gems/actionpack-4.1.4/lib/action_dispatch/middleware/templates/rescues/template_error.html.erb within rescues/layout (6.9ms)


Started GET "/" for 127.0.0.1 at 2014-08-07 18:34:24 +0200
Processing by WelcomeController#home as HTML
  Rendered welcome/home.slim within layouts/application (6.4ms)
Completed 500 Internal Server Error in 22ms

ActionView::Template::Error (Text line not indented deep enough.
The first text line defines the necessary text indentation.
Are you trying to nest a child tag in a tag containing text? Use | for the text block!
  /Users/gdurelle/Sites/githubmates/app/views/welcome/home.slim, Line 2, Column 1
    p Find me in app/views/welcome/home.html.erb
    ^
):
  slim (2.0.2) lib/slim/parser.rb:478:in `syntax_error!'
  slim (2.0.2) lib/slim/parser.rb:272:in `parse_text_block'
  slim (2.0.2) lib/slim/parser.rb:357:in `parse_tag'
  slim (2.0.2) lib/slim/parser.rb:228:in `parse_line_indicators'
  slim (2.0.2) lib/slim/parser.rb:176:in `parse_line'
  slim (2.0.2) lib/slim/parser.rb:77:in `call'
  temple (0.6.7) lib/temple/engine.rb:50:in `block in call'
  temple (0.6.7) lib/temple/engine.rb:50:in `each'
  temple (0.6.7) lib/temple/engine.rb:50:in `inject'
  temple (0.6.7) lib/temple/engine.rb:50:in `call'
  temple (0.6.7) lib/temple/mixins/template.rb:10:in `compile'
  temple (0.6.7) lib/temple/templates/rails.rb:34:in `call'
  actionview (4.1.4) lib/action_view/template.rb:270:in `compile'
  actionview (4.1.4) lib/action_view/template.rb:245:in `block (2 levels) in compile!'
  activesupport (4.1.4) lib/active_support/notifications.rb:161:in `instrument'
  actionview (4.1.4) lib/action_view/template.rb:339:in `instrument'
  actionview (4.1.4) lib/action_view/template.rb:244:in `block in compile!'
  actionview (4.1.4) lib/action_view/template.rb:232:in `synchronize'
  actionview (4.1.4) lib/action_view/template.rb:232:in `compile!'
  actionview (4.1.4) lib/action_view/template.rb:144:in `block in render'
  activesupport (4.1.4) lib/active_support/notifications.rb:161:in `instrument'
  actionview (4.1.4) lib/action_view/template.rb:339:in `instrument'
  actionview (4.1.4) lib/action_view/template.rb:143:in `render'
  actionview (4.1.4) lib/action_view/renderer/template_renderer.rb:55:in `block (2 levels) in render_template'
  actionview (4.1.4) lib/action_view/renderer/abstract_renderer.rb:38:in `block in instrument'
  activesupport (4.1.4) lib/active_support/notifications.rb:159:in `block in instrument'
  activesupport (4.1.4) lib/active_support/notifications/instrumenter.rb:20:in `instrument'
  activesupport (4.1.4) lib/active_support/notifications.rb:159:in `instrument'
  actionview (4.1.4) lib/action_view/renderer/abstract_renderer.rb:38:in `instrument'
  actionview (4.1.4) lib/action_view/renderer/template_renderer.rb:54:in `block in render_template'
  actionview (4.1.4) lib/action_view/renderer/template_renderer.rb:62:in `render_with_layout'
  actionview (4.1.4) lib/action_view/renderer/template_renderer.rb:53:in `render_template'
  actionview (4.1.4) lib/action_view/renderer/template_renderer.rb:17:in `render'
  actionview (4.1.4) lib/action_view/renderer/renderer.rb:42:in `render_template'
  actionview (4.1.4) lib/action_view/renderer/renderer.rb:23:in `render'
  actionview (4.1.4) lib/action_view/rendering.rb:99:in `_render_template'
  actionpack (4.1.4) lib/action_controller/metal/streaming.rb:217:in `_render_template'
  actionview (4.1.4) lib/action_view/rendering.rb:82:in `render_to_body'
  actionpack (4.1.4) lib/action_controller/metal/rendering.rb:32:in `render_to_body'
  actionpack (4.1.4) lib/action_controller/metal/renderers.rb:32:in `render_to_body'
  actionpack (4.1.4) lib/abstract_controller/rendering.rb:25:in `render'
  actionpack (4.1.4) lib/action_controller/metal/rendering.rb:16:in `render'
  actionpack (4.1.4) lib/action_controller/metal/instrumentation.rb:41:in `block (2 levels) in render'
  activesupport (4.1.4) lib/active_support/core_ext/benchmark.rb:12:in `block in ms'
  /usr/local/Cellar/rbenv/versions/2.1.2/lib/ruby/2.1.0/benchmark.rb:294:in `realtime'
  activesupport (4.1.4) lib/active_support/core_ext/benchmark.rb:12:in `ms'
  actionpack (4.1.4) lib/action_controller/metal/instrumentation.rb:41:in `block in render'
  actionpack (4.1.4) lib/action_controller/metal/instrumentation.rb:84:in `cleanup_view_runtime'
  activerecord (4.1.4) lib/active_record/railties/controller_runtime.rb:25:in `cleanup_view_runtime'
  actionpack (4.1.4) lib/action_controller/metal/instrumentation.rb:40:in `render'
  actionpack (4.1.4) lib/action_controller/metal/implicit_render.rb:10:in `default_render'
  actionpack (4.1.4) lib/action_controller/metal/implicit_render.rb:5:in `send_action'
  actionpack (4.1.4) lib/abstract_controller/base.rb:189:in `process_action'
  actionpack (4.1.4) lib/action_controller/metal/rendering.rb:10:in `process_action'
  actionpack (4.1.4) lib/abstract_controller/callbacks.rb:20:in `block in process_action'
  activesupport (4.1.4) lib/active_support/callbacks.rb:113:in `call'
  activesupport (4.1.4) lib/active_support/callbacks.rb:113:in `call'
  activesupport (4.1.4) lib/active_support/callbacks.rb:229:in `block in halting'
  activesupport (4.1.4) lib/active_support/callbacks.rb:229:in `call'
  activesupport (4.1.4) lib/active_support/callbacks.rb:229:in `block in halting'
  activesupport (4.1.4) lib/active_support/callbacks.rb:166:in `call'
  activesupport (4.1.4) lib/active_support/callbacks.rb:166:in `block in halting'
  activesupport (4.1.4) lib/active_support/callbacks.rb:166:in `call'
  activesupport (4.1.4) lib/active_support/callbacks.rb:166:in `block in halting'
  activesupport (4.1.4) lib/active_support/callbacks.rb:166:in `call'
  activesupport (4.1.4) lib/active_support/callbacks.rb:166:in `block in halting'
  activesupport (4.1.4) lib/active_support/callbacks.rb:86:in `call'
  activesupport (4.1.4) lib/active_support/callbacks.rb:86:in `run_callbacks'
  actionpack (4.1.4) lib/abstract_controller/callbacks.rb:19:in `process_action'
  actionpack (4.1.4) lib/action_controller/metal/rescue.rb:29:in `process_action'
  actionpack (4.1.4) lib/action_controller/metal/instrumentation.rb:31:in `block in process_action'
  activesupport (4.1.4) lib/active_support/notifications.rb:159:in `block in instrument'
  activesupport (4.1.4) lib/active_support/notifications/instrumenter.rb:20:in `instrument'
  activesupport (4.1.4) lib/active_support/notifications.rb:159:in `instrument'
  actionpack (4.1.4) lib/action_controller/metal/instrumentation.rb:30:in `process_action'
  actionpack (4.1.4) lib/action_controller/metal/params_wrapper.rb:250:in `process_action'
  activerecord (4.1.4) lib/active_record/railties/controller_runtime.rb:18:in `process_action'
  actionpack (4.1.4) lib/abstract_controller/base.rb:136:in `process'
  actionview (4.1.4) lib/action_view/rendering.rb:30:in `process'
  actionpack (4.1.4) lib/action_controller/metal.rb:196:in `dispatch'
  actionpack (4.1.4) lib/action_controller/metal/rack_delegation.rb:13:in `dispatch'
  actionpack (4.1.4) lib/action_controller/metal.rb:232:in `block in action'
  actionpack (4.1.4) lib/action_dispatch/routing/route_set.rb:82:in `call'
  actionpack (4.1.4) lib/action_dispatch/routing/route_set.rb:82:in `dispatch'
  actionpack (4.1.4) lib/action_dispatch/routing/route_set.rb:50:in `call'
  actionpack (4.1.4) lib/action_dispatch/journey/router.rb:71:in `block in call'
  actionpack (4.1.4) lib/action_dispatch/journey/router.rb:59:in `each'
  actionpack (4.1.4) lib/action_dispatch/journey/router.rb:59:in `call'
  actionpack (4.1.4) lib/action_dispatch/routing/route_set.rb:678:in `call'
  rack (1.5.2) lib/rack/etag.rb:23:in `call'
  rack (1.5.2) lib/rack/conditionalget.rb:25:in `call'
  rack (1.5.2) lib/rack/head.rb:11:in `call'
  actionpack (4.1.4) lib/action_dispatch/middleware/params_parser.rb:27:in `call'
  actionpack (4.1.4) lib/action_dispatch/middleware/flash.rb:254:in `call'
  rack (1.5.2) lib/rack/session/abstract/id.rb:225:in `context'
  rack (1.5.2) lib/rack/session/abstract/id.rb:220:in `call'
  actionpack (4.1.4) lib/action_dispatch/middleware/cookies.rb:560:in `call'
  activerecord (4.1.4) lib/active_record/query_cache.rb:36:in `call'
  activerecord (4.1.4) lib/active_record/connection_adapters/abstract/connection_pool.rb:621:in `call'
  activerecord (4.1.4) lib/active_record/migration.rb:380:in `call'
  actionpack (4.1.4) lib/action_dispatch/middleware/callbacks.rb:29:in `block in call'
  activesupport (4.1.4) lib/active_support/callbacks.rb:82:in `run_callbacks'
  actionpack (4.1.4) lib/action_dispatch/middleware/callbacks.rb:27:in `call'
  actionpack (4.1.4) lib/action_dispatch/middleware/reloader.rb:73:in `call'
  actionpack (4.1.4) lib/action_dispatch/middleware/remote_ip.rb:76:in `call'
  actionpack (4.1.4) lib/action_dispatch/middleware/debug_exceptions.rb:17:in `call'
  actionpack (4.1.4) lib/action_dispatch/middleware/show_exceptions.rb:30:in `call'
  railties (4.1.4) lib/rails/rack/logger.rb:38:in `call_app'
  railties (4.1.4) lib/rails/rack/logger.rb:20:in `block in call'
  activesupport (4.1.4) lib/active_support/tagged_logging.rb:68:in `block in tagged'
  activesupport (4.1.4) lib/active_support/tagged_logging.rb:26:in `tagged'
  activesupport (4.1.4) lib/active_support/tagged_logging.rb:68:in `tagged'
  railties (4.1.4) lib/rails/rack/logger.rb:20:in `call'
  actionpack (4.1.4) lib/action_dispatch/middleware/request_id.rb:21:in `call'
  rack (1.5.2) lib/rack/methodoverride.rb:21:in `call'
  rack (1.5.2) lib/rack/runtime.rb:17:in `call'
  activesupport (4.1.4) lib/active_support/cache/strategy/local_cache_middleware.rb:26:in `call'
  rack (1.5.2) lib/rack/lock.rb:17:in `call'
  actionpack (4.1.4) lib/action_dispatch/middleware/static.rb:64:in `call'
  rack (1.5.2) lib/rack/sendfile.rb:112:in `call'
  railties (4.1.4) lib/rails/engine.rb:514:in `call'
  railties (4.1.4) lib/rails/application.rb:144:in `call'
  puma (2.9.0) lib/puma/rack_patch.rb:13:in `call'
  puma (2.9.0) lib/puma/configuration.rb:71:in `call'
  puma (2.9.0) lib/puma/server.rb:490:in `handle_request'
  puma (2.9.0) lib/puma/server.rb:361:in `process_client'
  puma (2.9.0) lib/puma/server.rb:254:in `block in run'
  puma (2.9.0) lib/puma/thread_pool.rb:92:in `call'
  puma (2.9.0) lib/puma/thread_pool.rb:92:in `block in spawn_thread'


  Rendered /usr/local/Cellar/rbenv/versions/2.1.2/lib/ruby/gems/2.1.0/gems/actionpack-4.1.4/lib/action_dispatch/middleware/templates/rescues/template_error.html.erb within rescues/layout (5.6ms)


Started GET "/welcome/home" for 127.0.0.1 at 2014-08-07 18:36:19 +0200
Processing by WelcomeController#home as HTML
  Rendered welcome/home.slim within layouts/application (2.6ms)
Completed 500 Internal Server Error in 5ms

ActionView::Template::Error (Text line not indented deep enough.
The first text line defines the necessary text indentation.
Are you trying to nest a child tag in a tag containing text? Use | for the text block!
  /Users/gdurelle/Sites/githubmates/app/views/welcome/home.slim, Line 2, Column 1
    p Find me in app/views/welcome/home.html.erb
    ^
):
  slim (2.0.2) lib/slim/parser.rb:478:in `syntax_error!'
  slim (2.0.2) lib/slim/parser.rb:272:in `parse_text_block'
  slim (2.0.2) lib/slim/parser.rb:357:in `parse_tag'
  slim (2.0.2) lib/slim/parser.rb:228:in `parse_line_indicators'
  slim (2.0.2) lib/slim/parser.rb:176:in `parse_line'
  slim (2.0.2) lib/slim/parser.rb:77:in `call'
  temple (0.6.7) lib/temple/engine.rb:50:in `block in call'
  temple (0.6.7) lib/temple/engine.rb:50:in `each'
  temple (0.6.7) lib/temple/engine.rb:50:in `inject'
  temple (0.6.7) lib/temple/engine.rb:50:in `call'
  temple (0.6.7) lib/temple/mixins/template.rb:10:in `compile'
  temple (0.6.7) lib/temple/templates/rails.rb:34:in `call'
  actionview (4.1.4) lib/action_view/template.rb:270:in `compile'
  actionview (4.1.4) lib/action_view/template.rb:245:in `block (2 levels) in compile!'
  activesupport (4.1.4) lib/active_support/notifications.rb:161:in `instrument'
  actionview (4.1.4) lib/action_view/template.rb:339:in `instrument'
  actionview (4.1.4) lib/action_view/template.rb:244:in `block in compile!'
  actionview (4.1.4) lib/action_view/template.rb:232:in `synchronize'
  actionview (4.1.4) lib/action_view/template.rb:232:in `compile!'
  actionview (4.1.4) lib/action_view/template.rb:144:in `block in render'
  activesupport (4.1.4) lib/active_support/notifications.rb:161:in `instrument'
  actionview (4.1.4) lib/action_view/template.rb:339:in `instrument'
  actionview (4.1.4) lib/action_view/template.rb:143:in `render'
  actionview (4.1.4) lib/action_view/renderer/template_renderer.rb:55:in `block (2 levels) in render_template'
  actionview (4.1.4) lib/action_view/renderer/abstract_renderer.rb:38:in `block in instrument'
  activesupport (4.1.4) lib/active_support/notifications.rb:159:in `block in instrument'
  activesupport (4.1.4) lib/active_support/notifications/instrumenter.rb:20:in `instrument'
  activesupport (4.1.4) lib/active_support/notifications.rb:159:in `instrument'
  actionview (4.1.4) lib/action_view/renderer/abstract_renderer.rb:38:in `instrument'
  actionview (4.1.4) lib/action_view/renderer/template_renderer.rb:54:in `block in render_template'
  actionview (4.1.4) lib/action_view/renderer/template_renderer.rb:62:in `render_with_layout'
  actionview (4.1.4) lib/action_view/renderer/template_renderer.rb:53:in `render_template'
  actionview (4.1.4) lib/action_view/renderer/template_renderer.rb:17:in `render'
  actionview (4.1.4) lib/action_view/renderer/renderer.rb:42:in `render_template'
  actionview (4.1.4) lib/action_view/renderer/renderer.rb:23:in `render'
  actionview (4.1.4) lib/action_view/rendering.rb:99:in `_render_template'
  actionpack (4.1.4) lib/action_controller/metal/streaming.rb:217:in `_render_template'
  actionview (4.1.4) lib/action_view/rendering.rb:82:in `render_to_body'
  actionpack (4.1.4) lib/action_controller/metal/rendering.rb:32:in `render_to_body'
  actionpack (4.1.4) lib/action_controller/metal/renderers.rb:32:in `render_to_body'
  actionpack (4.1.4) lib/abstract_controller/rendering.rb:25:in `render'
  actionpack (4.1.4) lib/action_controller/metal/rendering.rb:16:in `render'
  actionpack (4.1.4) lib/action_controller/metal/instrumentation.rb:41:in `block (2 levels) in render'
  activesupport (4.1.4) lib/active_support/core_ext/benchmark.rb:12:in `block in ms'
  /usr/local/Cellar/rbenv/versions/2.1.2/lib/ruby/2.1.0/benchmark.rb:294:in `realtime'
  activesupport (4.1.4) lib/active_support/core_ext/benchmark.rb:12:in `ms'
  actionpack (4.1.4) lib/action_controller/metal/instrumentation.rb:41:in `block in render'
  actionpack (4.1.4) lib/action_controller/metal/instrumentation.rb:84:in `cleanup_view_runtime'
  activerecord (4.1.4) lib/active_record/railties/controller_runtime.rb:25:in `cleanup_view_runtime'
  actionpack (4.1.4) lib/action_controller/metal/instrumentation.rb:40:in `render'
  actionpack (4.1.4) lib/action_controller/metal/implicit_render.rb:10:in `default_render'
  actionpack (4.1.4) lib/action_controller/metal/implicit_render.rb:5:in `send_action'
  actionpack (4.1.4) lib/abstract_controller/base.rb:189:in `process_action'
  actionpack (4.1.4) lib/action_controller/metal/rendering.rb:10:in `process_action'
  actionpack (4.1.4) lib/abstract_controller/callbacks.rb:20:in `block in process_action'
  activesupport (4.1.4) lib/active_support/callbacks.rb:113:in `call'
  activesupport (4.1.4) lib/active_support/callbacks.rb:113:in `call'
  activesupport (4.1.4) lib/active_support/callbacks.rb:229:in `block in halting'
  activesupport (4.1.4) lib/active_support/callbacks.rb:229:in `call'
  activesupport (4.1.4) lib/active_support/callbacks.rb:229:in `block in halting'
  activesupport (4.1.4) lib/active_support/callbacks.rb:166:in `call'
  activesupport (4.1.4) lib/active_support/callbacks.rb:166:in `block in halting'
  activesupport (4.1.4) lib/active_support/callbacks.rb:166:in `call'
  activesupport (4.1.4) lib/active_support/callbacks.rb:166:in `block in halting'
  activesupport (4.1.4) lib/active_support/callbacks.rb:166:in `call'
  activesupport (4.1.4) lib/active_support/callbacks.rb:166:in `block in halting'
  activesupport (4.1.4) lib/active_support/callbacks.rb:86:in `call'
  activesupport (4.1.4) lib/active_support/callbacks.rb:86:in `run_callbacks'
  actionpack (4.1.4) lib/abstract_controller/callbacks.rb:19:in `process_action'
  actionpack (4.1.4) lib/action_controller/metal/rescue.rb:29:in `process_action'
  actionpack (4.1.4) lib/action_controller/metal/instrumentation.rb:31:in `block in process_action'
  activesupport (4.1.4) lib/active_support/notifications.rb:159:in `block in instrument'
  activesupport (4.1.4) lib/active_support/notifications/instrumenter.rb:20:in `instrument'
  activesupport (4.1.4) lib/active_support/notifications.rb:159:in `instrument'
  actionpack (4.1.4) lib/action_controller/metal/instrumentation.rb:30:in `process_action'
  actionpack (4.1.4) lib/action_controller/metal/params_wrapper.rb:250:in `process_action'
  activerecord (4.1.4) lib/active_record/railties/controller_runtime.rb:18:in `process_action'
  actionpack (4.1.4) lib/abstract_controller/base.rb:136:in `process'
  actionview (4.1.4) lib/action_view/rendering.rb:30:in `process'
  actionpack (4.1.4) lib/action_controller/metal.rb:196:in `dispatch'
  actionpack (4.1.4) lib/action_controller/metal/rack_delegation.rb:13:in `dispatch'
  actionpack (4.1.4) lib/action_controller/metal.rb:232:in `block in action'
  actionpack (4.1.4) lib/action_dispatch/routing/route_set.rb:82:in `call'
  actionpack (4.1.4) lib/action_dispatch/routing/route_set.rb:82:in `dispatch'
  actionpack (4.1.4) lib/action_dispatch/routing/route_set.rb:50:in `call'
  actionpack (4.1.4) lib/action_dispatch/journey/router.rb:71:in `block in call'
  actionpack (4.1.4) lib/action_dispatch/journey/router.rb:59:in `each'
  actionpack (4.1.4) lib/action_dispatch/journey/router.rb:59:in `call'
  actionpack (4.1.4) lib/action_dispatch/routing/route_set.rb:678:in `call'
  rack (1.5.2) lib/rack/etag.rb:23:in `call'
  rack (1.5.2) lib/rack/conditionalget.rb:25:in `call'
  rack (1.5.2) lib/rack/head.rb:11:in `call'
  actionpack (4.1.4) lib/action_dispatch/middleware/params_parser.rb:27:in `call'
  actionpack (4.1.4) lib/action_dispatch/middleware/flash.rb:254:in `call'
  rack (1.5.2) lib/rack/session/abstract/id.rb:225:in `context'
  rack (1.5.2) lib/rack/session/abstract/id.rb:220:in `call'
  actionpack (4.1.4) lib/action_dispatch/middleware/cookies.rb:560:in `call'
  activerecord (4.1.4) lib/active_record/query_cache.rb:36:in `call'
  activerecord (4.1.4) lib/active_record/connection_adapters/abstract/connection_pool.rb:621:in `call'
  activerecord (4.1.4) lib/active_record/migration.rb:380:in `call'
  actionpack (4.1.4) lib/action_dispatch/middleware/callbacks.rb:29:in `block in call'
  activesupport (4.1.4) lib/active_support/callbacks.rb:82:in `run_callbacks'
  actionpack (4.1.4) lib/action_dispatch/middleware/callbacks.rb:27:in `call'
  actionpack (4.1.4) lib/action_dispatch/middleware/reloader.rb:73:in `call'
  actionpack (4.1.4) lib/action_dispatch/middleware/remote_ip.rb:76:in `call'
  actionpack (4.1.4) lib/action_dispatch/middleware/debug_exceptions.rb:17:in `call'
  actionpack (4.1.4) lib/action_dispatch/middleware/show_exceptions.rb:30:in `call'
  railties (4.1.4) lib/rails/rack/logger.rb:38:in `call_app'
  railties (4.1.4) lib/rails/rack/logger.rb:20:in `block in call'
  activesupport (4.1.4) lib/active_support/tagged_logging.rb:68:in `block in tagged'
  activesupport (4.1.4) lib/active_support/tagged_logging.rb:26:in `tagged'
  activesupport (4.1.4) lib/active_support/tagged_logging.rb:68:in `tagged'
  railties (4.1.4) lib/rails/rack/logger.rb:20:in `call'
  actionpack (4.1.4) lib/action_dispatch/middleware/request_id.rb:21:in `call'
  rack (1.5.2) lib/rack/methodoverride.rb:21:in `call'
  rack (1.5.2) lib/rack/runtime.rb:17:in `call'
  activesupport (4.1.4) lib/active_support/cache/strategy/local_cache_middleware.rb:26:in `call'
  rack (1.5.2) lib/rack/lock.rb:17:in `call'
  actionpack (4.1.4) lib/action_dispatch/middleware/static.rb:64:in `call'
  rack (1.5.2) lib/rack/sendfile.rb:112:in `call'
  railties (4.1.4) lib/rails/engine.rb:514:in `call'
  railties (4.1.4) lib/rails/application.rb:144:in `call'
  puma (2.9.0) lib/puma/rack_patch.rb:13:in `call'
  puma (2.9.0) lib/puma/configuration.rb:71:in `call'
  puma (2.9.0) lib/puma/server.rb:490:in `handle_request'
  puma (2.9.0) lib/puma/server.rb:361:in `process_client'
  puma (2.9.0) lib/puma/server.rb:254:in `block in run'
  puma (2.9.0) lib/puma/thread_pool.rb:92:in `call'
  puma (2.9.0) lib/puma/thread_pool.rb:92:in `block in spawn_thread'


  Rendered /usr/local/Cellar/rbenv/versions/2.1.2/lib/ruby/gems/2.1.0/gems/actionpack-4.1.4/lib/action_dispatch/middleware/templates/rescues/template_error.html.erb within rescues/layout (6.5ms)


Started GET "/" for 127.0.0.1 at 2014-08-07 18:36:27 +0200
Processing by WelcomeController#home as HTML
  Rendered welcome/home.slim within layouts/application (2.1ms)
Completed 500 Internal Server Error in 4ms

ActionView::Template::Error (Text line not indented deep enough.
The first text line defines the necessary text indentation.
Are you trying to nest a child tag in a tag containing text? Use | for the text block!
  /Users/gdurelle/Sites/githubmates/app/views/welcome/home.slim, Line 2, Column 1
    p Find me in app/views/welcome/home.html.erb
    ^
):
  slim (2.0.2) lib/slim/parser.rb:478:in `syntax_error!'
  slim (2.0.2) lib/slim/parser.rb:272:in `parse_text_block'
  slim (2.0.2) lib/slim/parser.rb:357:in `parse_tag'
  slim (2.0.2) lib/slim/parser.rb:228:in `parse_line_indicators'
  slim (2.0.2) lib/slim/parser.rb:176:in `parse_line'
  slim (2.0.2) lib/slim/parser.rb:77:in `call'
  temple (0.6.7) lib/temple/engine.rb:50:in `block in call'
  temple (0.6.7) lib/temple/engine.rb:50:in `each'
  temple (0.6.7) lib/temple/engine.rb:50:in `inject'
  temple (0.6.7) lib/temple/engine.rb:50:in `call'
  temple (0.6.7) lib/temple/mixins/template.rb:10:in `compile'
  temple (0.6.7) lib/temple/templates/rails.rb:34:in `call'
  actionview (4.1.4) lib/action_view/template.rb:270:in `compile'
  actionview (4.1.4) lib/action_view/template.rb:245:in `block (2 levels) in compile!'
  activesupport (4.1.4) lib/active_support/notifications.rb:161:in `instrument'
  actionview (4.1.4) lib/action_view/template.rb:339:in `instrument'
  actionview (4.1.4) lib/action_view/template.rb:244:in `block in compile!'
  actionview (4.1.4) lib/action_view/template.rb:232:in `synchronize'
  actionview (4.1.4) lib/action_view/template.rb:232:in `compile!'
  actionview (4.1.4) lib/action_view/template.rb:144:in `block in render'
  activesupport (4.1.4) lib/active_support/notifications.rb:161:in `instrument'
  actionview (4.1.4) lib/action_view/template.rb:339:in `instrument'
  actionview (4.1.4) lib/action_view/template.rb:143:in `render'
  actionview (4.1.4) lib/action_view/renderer/template_renderer.rb:55:in `block (2 levels) in render_template'
  actionview (4.1.4) lib/action_view/renderer/abstract_renderer.rb:38:in `block in instrument'
  activesupport (4.1.4) lib/active_support/notifications.rb:159:in `block in instrument'
  activesupport (4.1.4) lib/active_support/notifications/instrumenter.rb:20:in `instrument'
  activesupport (4.1.4) lib/active_support/notifications.rb:159:in `instrument'
  actionview (4.1.4) lib/action_view/renderer/abstract_renderer.rb:38:in `instrument'
  actionview (4.1.4) lib/action_view/renderer/template_renderer.rb:54:in `block in render_template'
  actionview (4.1.4) lib/action_view/renderer/template_renderer.rb:62:in `render_with_layout'
  actionview (4.1.4) lib/action_view/renderer/template_renderer.rb:53:in `render_template'
  actionview (4.1.4) lib/action_view/renderer/template_renderer.rb:17:in `render'
  actionview (4.1.4) lib/action_view/renderer/renderer.rb:42:in `render_template'
  actionview (4.1.4) lib/action_view/renderer/renderer.rb:23:in `render'
  actionview (4.1.4) lib/action_view/rendering.rb:99:in `_render_template'
  actionpack (4.1.4) lib/action_controller/metal/streaming.rb:217:in `_render_template'
  actionview (4.1.4) lib/action_view/rendering.rb:82:in `render_to_body'
  actionpack (4.1.4) lib/action_controller/metal/rendering.rb:32:in `render_to_body'
  actionpack (4.1.4) lib/action_controller/metal/renderers.rb:32:in `render_to_body'
  actionpack (4.1.4) lib/abstract_controller/rendering.rb:25:in `render'
  actionpack (4.1.4) lib/action_controller/metal/rendering.rb:16:in `render'
  actionpack (4.1.4) lib/action_controller/metal/instrumentation.rb:41:in `block (2 levels) in render'
  activesupport (4.1.4) lib/active_support/core_ext/benchmark.rb:12:in `block in ms'
  /usr/local/Cellar/rbenv/versions/2.1.2/lib/ruby/2.1.0/benchmark.rb:294:in `realtime'
  activesupport (4.1.4) lib/active_support/core_ext/benchmark.rb:12:in `ms'
  actionpack (4.1.4) lib/action_controller/metal/instrumentation.rb:41:in `block in render'
  actionpack (4.1.4) lib/action_controller/metal/instrumentation.rb:84:in `cleanup_view_runtime'
  activerecord (4.1.4) lib/active_record/railties/controller_runtime.rb:25:in `cleanup_view_runtime'
  actionpack (4.1.4) lib/action_controller/metal/instrumentation.rb:40:in `render'
  actionpack (4.1.4) lib/action_controller/metal/implicit_render.rb:10:in `default_render'
  actionpack (4.1.4) lib/action_controller/metal/implicit_render.rb:5:in `send_action'
  actionpack (4.1.4) lib/abstract_controller/base.rb:189:in `process_action'
  actionpack (4.1.4) lib/action_controller/metal/rendering.rb:10:in `process_action'
  actionpack (4.1.4) lib/abstract_controller/callbacks.rb:20:in `block in process_action'
  activesupport (4.1.4) lib/active_support/callbacks.rb:113:in `call'
  activesupport (4.1.4) lib/active_support/callbacks.rb:113:in `call'
  activesupport (4.1.4) lib/active_support/callbacks.rb:229:in `block in halting'
  activesupport (4.1.4) lib/active_support/callbacks.rb:229:in `call'
  activesupport (4.1.4) lib/active_support/callbacks.rb:229:in `block in halting'
  activesupport (4.1.4) lib/active_support/callbacks.rb:166:in `call'
  activesupport (4.1.4) lib/active_support/callbacks.rb:166:in `block in halting'
  activesupport (4.1.4) lib/active_support/callbacks.rb:166:in `call'
  activesupport (4.1.4) lib/active_support/callbacks.rb:166:in `block in halting'
  activesupport (4.1.4) lib/active_support/callbacks.rb:166:in `call'
  activesupport (4.1.4) lib/active_support/callbacks.rb:166:in `block in halting'
  activesupport (4.1.4) lib/active_support/callbacks.rb:86:in `call'
  activesupport (4.1.4) lib/active_support/callbacks.rb:86:in `run_callbacks'
  actionpack (4.1.4) lib/abstract_controller/callbacks.rb:19:in `process_action'
  actionpack (4.1.4) lib/action_controller/metal/rescue.rb:29:in `process_action'
  actionpack (4.1.4) lib/action_controller/metal/instrumentation.rb:31:in `block in process_action'
  activesupport (4.1.4) lib/active_support/notifications.rb:159:in `block in instrument'
  activesupport (4.1.4) lib/active_support/notifications/instrumenter.rb:20:in `instrument'
  activesupport (4.1.4) lib/active_support/notifications.rb:159:in `instrument'
  actionpack (4.1.4) lib/action_controller/metal/instrumentation.rb:30:in `process_action'
  actionpack (4.1.4) lib/action_controller/metal/params_wrapper.rb:250:in `process_action'
  activerecord (4.1.4) lib/active_record/railties/controller_runtime.rb:18:in `process_action'
  actionpack (4.1.4) lib/abstract_controller/base.rb:136:in `process'
  actionview (4.1.4) lib/action_view/rendering.rb:30:in `process'
  actionpack (4.1.4) lib/action_controller/metal.rb:196:in `dispatch'
  actionpack (4.1.4) lib/action_controller/metal/rack_delegation.rb:13:in `dispatch'
  actionpack (4.1.4) lib/action_controller/metal.rb:232:in `block in action'
  actionpack (4.1.4) lib/action_dispatch/routing/route_set.rb:82:in `call'
  actionpack (4.1.4) lib/action_dispatch/routing/route_set.rb:82:in `dispatch'
  actionpack (4.1.4) lib/action_dispatch/routing/route_set.rb:50:in `call'
  actionpack (4.1.4) lib/action_dispatch/journey/router.rb:71:in `block in call'
  actionpack (4.1.4) lib/action_dispatch/journey/router.rb:59:in `each'
  actionpack (4.1.4) lib/action_dispatch/journey/router.rb:59:in `call'
  actionpack (4.1.4) lib/action_dispatch/routing/route_set.rb:678:in `call'
  rack (1.5.2) lib/rack/etag.rb:23:in `call'
  rack (1.5.2) lib/rack/conditionalget.rb:25:in `call'
  rack (1.5.2) lib/rack/head.rb:11:in `call'
  actionpack (4.1.4) lib/action_dispatch/middleware/params_parser.rb:27:in `call'
  actionpack (4.1.4) lib/action_dispatch/middleware/flash.rb:254:in `call'
  rack (1.5.2) lib/rack/session/abstract/id.rb:225:in `context'
  rack (1.5.2) lib/rack/session/abstract/id.rb:220:in `call'
  actionpack (4.1.4) lib/action_dispatch/middleware/cookies.rb:560:in `call'
  activerecord (4.1.4) lib/active_record/query_cache.rb:36:in `call'
  activerecord (4.1.4) lib/active_record/connection_adapters/abstract/connection_pool.rb:621:in `call'
  activerecord (4.1.4) lib/active_record/migration.rb:380:in `call'
  actionpack (4.1.4) lib/action_dispatch/middleware/callbacks.rb:29:in `block in call'
  activesupport (4.1.4) lib/active_support/callbacks.rb:82:in `run_callbacks'
  actionpack (4.1.4) lib/action_dispatch/middleware/callbacks.rb:27:in `call'
  actionpack (4.1.4) lib/action_dispatch/middleware/reloader.rb:73:in `call'
  actionpack (4.1.4) lib/action_dispatch/middleware/remote_ip.rb:76:in `call'
  actionpack (4.1.4) lib/action_dispatch/middleware/debug_exceptions.rb:17:in `call'
  actionpack (4.1.4) lib/action_dispatch/middleware/show_exceptions.rb:30:in `call'
  railties (4.1.4) lib/rails/rack/logger.rb:38:in `call_app'
  railties (4.1.4) lib/rails/rack/logger.rb:20:in `block in call'
  activesupport (4.1.4) lib/active_support/tagged_logging.rb:68:in `block in tagged'
  activesupport (4.1.4) lib/active_support/tagged_logging.rb:26:in `tagged'
  activesupport (4.1.4) lib/active_support/tagged_logging.rb:68:in `tagged'
  railties (4.1.4) lib/rails/rack/logger.rb:20:in `call'
  actionpack (4.1.4) lib/action_dispatch/middleware/request_id.rb:21:in `call'
  rack (1.5.2) lib/rack/methodoverride.rb:21:in `call'
  rack (1.5.2) lib/rack/runtime.rb:17:in `call'
  activesupport (4.1.4) lib/active_support/cache/strategy/local_cache_middleware.rb:26:in `call'
  rack (1.5.2) lib/rack/lock.rb:17:in `call'
  actionpack (4.1.4) lib/action_dispatch/middleware/static.rb:64:in `call'
  rack (1.5.2) lib/rack/sendfile.rb:112:in `call'
  railties (4.1.4) lib/rails/engine.rb:514:in `call'
  railties (4.1.4) lib/rails/application.rb:144:in `call'
  puma (2.9.0) lib/puma/rack_patch.rb:13:in `call'
  puma (2.9.0) lib/puma/configuration.rb:71:in `call'
  puma (2.9.0) lib/puma/server.rb:490:in `handle_request'
  puma (2.9.0) lib/puma/server.rb:361:in `process_client'
  puma (2.9.0) lib/puma/server.rb:254:in `block in run'
  puma (2.9.0) lib/puma/thread_pool.rb:92:in `call'
  puma (2.9.0) lib/puma/thread_pool.rb:92:in `block in spawn_thread'


  Rendered /usr/local/Cellar/rbenv/versions/2.1.2/lib/ruby/gems/2.1.0/gems/actionpack-4.1.4/lib/action_dispatch/middleware/templates/rescues/template_error.html.erb within rescues/layout (4.7ms)


Started GET "/" for 127.0.0.1 at 2014-08-07 18:36:42 +0200
Processing by WelcomeController#home as HTML
  Rendered welcome/home.slim within layouts/application (4.4ms)
Completed 500 Internal Server Error in 17ms

ActionView::Template::Error (Text line not indented deep enough.
The first text line defines the necessary text indentation.
Are you trying to nest a child tag in a tag containing text? Use | for the text block!
  /Users/gdurelle/Sites/githubmates/app/views/welcome/home.slim, Line 2, Column 1
    p Find me in app/views/welcome/home.html.erb
    ^
):
  slim (2.0.2) lib/slim/parser.rb:478:in `syntax_error!'
  slim (2.0.2) lib/slim/parser.rb:272:in `parse_text_block'
  slim (2.0.2) lib/slim/parser.rb:357:in `parse_tag'
  slim (2.0.2) lib/slim/parser.rb:228:in `parse_line_indicators'
  slim (2.0.2) lib/slim/parser.rb:176:in `parse_line'
  slim (2.0.2) lib/slim/parser.rb:77:in `call'
  temple (0.6.7) lib/temple/engine.rb:50:in `block in call'
  temple (0.6.7) lib/temple/engine.rb:50:in `each'
  temple (0.6.7) lib/temple/engine.rb:50:in `inject'
  temple (0.6.7) lib/temple/engine.rb:50:in `call'
  temple (0.6.7) lib/temple/mixins/template.rb:10:in `compile'
  temple (0.6.7) lib/temple/templates/rails.rb:34:in `call'
  actionview (4.1.4) lib/action_view/template.rb:270:in `compile'
  actionview (4.1.4) lib/action_view/template.rb:245:in `block (2 levels) in compile!'
  activesupport (4.1.4) lib/active_support/notifications.rb:161:in `instrument'
  actionview (4.1.4) lib/action_view/template.rb:339:in `instrument'
  actionview (4.1.4) lib/action_view/template.rb:244:in `block in compile!'
  actionview (4.1.4) lib/action_view/template.rb:232:in `synchronize'
  actionview (4.1.4) lib/action_view/template.rb:232:in `compile!'
  actionview (4.1.4) lib/action_view/template.rb:144:in `block in render'
  activesupport (4.1.4) lib/active_support/notifications.rb:161:in `instrument'
  actionview (4.1.4) lib/action_view/template.rb:339:in `instrument'
  actionview (4.1.4) lib/action_view/template.rb:143:in `render'
  actionview (4.1.4) lib/action_view/renderer/template_renderer.rb:55:in `block (2 levels) in render_template'
  actionview (4.1.4) lib/action_view/renderer/abstract_renderer.rb:38:in `block in instrument'
  activesupport (4.1.4) lib/active_support/notifications.rb:159:in `block in instrument'
  activesupport (4.1.4) lib/active_support/notifications/instrumenter.rb:20:in `instrument'
  activesupport (4.1.4) lib/active_support/notifications.rb:159:in `instrument'
  actionview (4.1.4) lib/action_view/renderer/abstract_renderer.rb:38:in `instrument'
  actionview (4.1.4) lib/action_view/renderer/template_renderer.rb:54:in `block in render_template'
  actionview (4.1.4) lib/action_view/renderer/template_renderer.rb:62:in `render_with_layout'
  actionview (4.1.4) lib/action_view/renderer/template_renderer.rb:53:in `render_template'
  actionview (4.1.4) lib/action_view/renderer/template_renderer.rb:17:in `render'
  actionview (4.1.4) lib/action_view/renderer/renderer.rb:42:in `render_template'
  actionview (4.1.4) lib/action_view/renderer/renderer.rb:23:in `render'
  actionview (4.1.4) lib/action_view/rendering.rb:99:in `_render_template'
  actionpack (4.1.4) lib/action_controller/metal/streaming.rb:217:in `_render_template'
  actionview (4.1.4) lib/action_view/rendering.rb:82:in `render_to_body'
  actionpack (4.1.4) lib/action_controller/metal/rendering.rb:32:in `render_to_body'
  actionpack (4.1.4) lib/action_controller/metal/renderers.rb:32:in `render_to_body'
  actionpack (4.1.4) lib/abstract_controller/rendering.rb:25:in `render'
  actionpack (4.1.4) lib/action_controller/metal/rendering.rb:16:in `render'
  actionpack (4.1.4) lib/action_controller/metal/instrumentation.rb:41:in `block (2 levels) in render'
  activesupport (4.1.4) lib/active_support/core_ext/benchmark.rb:12:in `block in ms'
  /usr/local/Cellar/rbenv/versions/2.1.2/lib/ruby/2.1.0/benchmark.rb:294:in `realtime'
  activesupport (4.1.4) lib/active_support/core_ext/benchmark.rb:12:in `ms'
  actionpack (4.1.4) lib/action_controller/metal/instrumentation.rb:41:in `block in render'
  actionpack (4.1.4) lib/action_controller/metal/instrumentation.rb:84:in `cleanup_view_runtime'
  activerecord (4.1.4) lib/active_record/railties/controller_runtime.rb:25:in `cleanup_view_runtime'
  actionpack (4.1.4) lib/action_controller/metal/instrumentation.rb:40:in `render'
  actionpack (4.1.4) lib/action_controller/metal/implicit_render.rb:10:in `default_render'
  actionpack (4.1.4) lib/action_controller/metal/implicit_render.rb:5:in `send_action'
  actionpack (4.1.4) lib/abstract_controller/base.rb:189:in `process_action'
  actionpack (4.1.4) lib/action_controller/metal/rendering.rb:10:in `process_action'
  actionpack (4.1.4) lib/abstract_controller/callbacks.rb:20:in `block in process_action'
  activesupport (4.1.4) lib/active_support/callbacks.rb:113:in `call'
  activesupport (4.1.4) lib/active_support/callbacks.rb:113:in `call'
  activesupport (4.1.4) lib/active_support/callbacks.rb:229:in `block in halting'
  activesupport (4.1.4) lib/active_support/callbacks.rb:229:in `call'
  activesupport (4.1.4) lib/active_support/callbacks.rb:229:in `block in halting'
  activesupport (4.1.4) lib/active_support/callbacks.rb:166:in `call'
  activesupport (4.1.4) lib/active_support/callbacks.rb:166:in `block in halting'
  activesupport (4.1.4) lib/active_support/callbacks.rb:166:in `call'
  activesupport (4.1.4) lib/active_support/callbacks.rb:166:in `block in halting'
  activesupport (4.1.4) lib/active_support/callbacks.rb:166:in `call'
  activesupport (4.1.4) lib/active_support/callbacks.rb:166:in `block in halting'
  activesupport (4.1.4) lib/active_support/callbacks.rb:86:in `call'
  activesupport (4.1.4) lib/active_support/callbacks.rb:86:in `run_callbacks'
  actionpack (4.1.4) lib/abstract_controller/callbacks.rb:19:in `process_action'
  actionpack (4.1.4) lib/action_controller/metal/rescue.rb:29:in `process_action'
  actionpack (4.1.4) lib/action_controller/metal/instrumentation.rb:31:in `block in process_action'
  activesupport (4.1.4) lib/active_support/notifications.rb:159:in `block in instrument'
  activesupport (4.1.4) lib/active_support/notifications/instrumenter.rb:20:in `instrument'
  activesupport (4.1.4) lib/active_support/notifications.rb:159:in `instrument'
  actionpack (4.1.4) lib/action_controller/metal/instrumentation.rb:30:in `process_action'
  actionpack (4.1.4) lib/action_controller/metal/params_wrapper.rb:250:in `process_action'
  activerecord (4.1.4) lib/active_record/railties/controller_runtime.rb:18:in `process_action'
  actionpack (4.1.4) lib/abstract_controller/base.rb:136:in `process'
  actionview (4.1.4) lib/action_view/rendering.rb:30:in `process'
  actionpack (4.1.4) lib/action_controller/metal.rb:196:in `dispatch'
  actionpack (4.1.4) lib/action_controller/metal/rack_delegation.rb:13:in `dispatch'
  actionpack (4.1.4) lib/action_controller/metal.rb:232:in `block in action'
  actionpack (4.1.4) lib/action_dispatch/routing/route_set.rb:82:in `call'
  actionpack (4.1.4) lib/action_dispatch/routing/route_set.rb:82:in `dispatch'
  actionpack (4.1.4) lib/action_dispatch/routing/route_set.rb:50:in `call'
  actionpack (4.1.4) lib/action_dispatch/journey/router.rb:71:in `block in call'
  actionpack (4.1.4) lib/action_dispatch/journey/router.rb:59:in `each'
  actionpack (4.1.4) lib/action_dispatch/journey/router.rb:59:in `call'
  actionpack (4.1.4) lib/action_dispatch/routing/route_set.rb:678:in `call'
  rack (1.5.2) lib/rack/etag.rb:23:in `call'
  rack (1.5.2) lib/rack/conditionalget.rb:25:in `call'
  rack (1.5.2) lib/rack/head.rb:11:in `call'
  actionpack (4.1.4) lib/action_dispatch/middleware/params_parser.rb:27:in `call'
  actionpack (4.1.4) lib/action_dispatch/middleware/flash.rb:254:in `call'
  rack (1.5.2) lib/rack/session/abstract/id.rb:225:in `context'
  rack (1.5.2) lib/rack/session/abstract/id.rb:220:in `call'
  actionpack (4.1.4) lib/action_dispatch/middleware/cookies.rb:560:in `call'
  activerecord (4.1.4) lib/active_record/query_cache.rb:36:in `call'
  activerecord (4.1.4) lib/active_record/connection_adapters/abstract/connection_pool.rb:621:in `call'
  activerecord (4.1.4) lib/active_record/migration.rb:380:in `call'
  actionpack (4.1.4) lib/action_dispatch/middleware/callbacks.rb:29:in `block in call'
  activesupport (4.1.4) lib/active_support/callbacks.rb:82:in `run_callbacks'
  actionpack (4.1.4) lib/action_dispatch/middleware/callbacks.rb:27:in `call'
  actionpack (4.1.4) lib/action_dispatch/middleware/reloader.rb:73:in `call'
  actionpack (4.1.4) lib/action_dispatch/middleware/remote_ip.rb:76:in `call'
  actionpack (4.1.4) lib/action_dispatch/middleware/debug_exceptions.rb:17:in `call'
  actionpack (4.1.4) lib/action_dispatch/middleware/show_exceptions.rb:30:in `call'
  railties (4.1.4) lib/rails/rack/logger.rb:38:in `call_app'
  railties (4.1.4) lib/rails/rack/logger.rb:20:in `block in call'
  activesupport (4.1.4) lib/active_support/tagged_logging.rb:68:in `block in tagged'
  activesupport (4.1.4) lib/active_support/tagged_logging.rb:26:in `tagged'
  activesupport (4.1.4) lib/active_support/tagged_logging.rb:68:in `tagged'
  railties (4.1.4) lib/rails/rack/logger.rb:20:in `call'
  actionpack (4.1.4) lib/action_dispatch/middleware/request_id.rb:21:in `call'
  rack (1.5.2) lib/rack/methodoverride.rb:21:in `call'
  rack (1.5.2) lib/rack/runtime.rb:17:in `call'
  activesupport (4.1.4) lib/active_support/cache/strategy/local_cache_middleware.rb:26:in `call'
  rack (1.5.2) lib/rack/lock.rb:17:in `call'
  actionpack (4.1.4) lib/action_dispatch/middleware/static.rb:64:in `call'
  rack (1.5.2) lib/rack/sendfile.rb:112:in `call'
  railties (4.1.4) lib/rails/engine.rb:514:in `call'
  railties (4.1.4) lib/rails/application.rb:144:in `call'
  puma (2.9.0) lib/puma/rack_patch.rb:13:in `call'
  puma (2.9.0) lib/puma/configuration.rb:71:in `call'
  puma (2.9.0) lib/puma/server.rb:490:in `handle_request'
  puma (2.9.0) lib/puma/server.rb:361:in `process_client'
  puma (2.9.0) lib/puma/server.rb:254:in `block in run'
  puma (2.9.0) lib/puma/thread_pool.rb:92:in `call'
  puma (2.9.0) lib/puma/thread_pool.rb:92:in `block in spawn_thread'


  Rendered /usr/local/Cellar/rbenv/versions/2.1.2/lib/ruby/gems/2.1.0/gems/actionpack-4.1.4/lib/action_dispatch/middleware/templates/rescues/template_error.html.erb within rescues/layout (5.3ms)


Started GET "/" for 127.0.0.1 at 2014-08-07 18:37:06 +0200
Processing by WelcomeController#home as HTML
  Rendered welcome/home.slim within layouts/application (1.8ms)
Completed 500 Internal Server Error in 6ms

ActionView::Template::Error (Text line not indented deep enough.
The first text line defines the necessary text indentation.
Are you trying to nest a child tag in a tag containing text? Use | for the text block!
  /Users/gdurelle/Sites/githubmates/app/views/welcome/home.slim, Line 2, Column 2
    p Find me in app/views/welcome/home.html.erb
    ^
):
  slim (2.0.2) lib/slim/parser.rb:478:in `syntax_error!'
  slim (2.0.2) lib/slim/parser.rb:272:in `parse_text_block'
  slim (2.0.2) lib/slim/parser.rb:357:in `parse_tag'
  slim (2.0.2) lib/slim/parser.rb:228:in `parse_line_indicators'
  slim (2.0.2) lib/slim/parser.rb:176:in `parse_line'
  slim (2.0.2) lib/slim/parser.rb:77:in `call'
  temple (0.6.7) lib/temple/engine.rb:50:in `block in call'
  temple (0.6.7) lib/temple/engine.rb:50:in `each'
  temple (0.6.7) lib/temple/engine.rb:50:in `inject'
  temple (0.6.7) lib/temple/engine.rb:50:in `call'
  temple (0.6.7) lib/temple/mixins/template.rb:10:in `compile'
  temple (0.6.7) lib/temple/templates/rails.rb:34:in `call'
  actionview (4.1.4) lib/action_view/template.rb:270:in `compile'
  actionview (4.1.4) lib/action_view/template.rb:245:in `block (2 levels) in compile!'
  activesupport (4.1.4) lib/active_support/notifications.rb:161:in `instrument'
  actionview (4.1.4) lib/action_view/template.rb:339:in `instrument'
  actionview (4.1.4) lib/action_view/template.rb:244:in `block in compile!'
  actionview (4.1.4) lib/action_view/template.rb:232:in `synchronize'
  actionview (4.1.4) lib/action_view/template.rb:232:in `compile!'
  actionview (4.1.4) lib/action_view/template.rb:144:in `block in render'
  activesupport (4.1.4) lib/active_support/notifications.rb:161:in `instrument'
  actionview (4.1.4) lib/action_view/template.rb:339:in `instrument'
  actionview (4.1.4) lib/action_view/template.rb:143:in `render'
  actionview (4.1.4) lib/action_view/renderer/template_renderer.rb:55:in `block (2 levels) in render_template'
  actionview (4.1.4) lib/action_view/renderer/abstract_renderer.rb:38:in `block in instrument'
  activesupport (4.1.4) lib/active_support/notifications.rb:159:in `block in instrument'
  activesupport (4.1.4) lib/active_support/notifications/instrumenter.rb:20:in `instrument'
  activesupport (4.1.4) lib/active_support/notifications.rb:159:in `instrument'
  actionview (4.1.4) lib/action_view/renderer/abstract_renderer.rb:38:in `instrument'
  actionview (4.1.4) lib/action_view/renderer/template_renderer.rb:54:in `block in render_template'
  actionview (4.1.4) lib/action_view/renderer/template_renderer.rb:62:in `render_with_layout'
  actionview (4.1.4) lib/action_view/renderer/template_renderer.rb:53:in `render_template'
  actionview (4.1.4) lib/action_view/renderer/template_renderer.rb:17:in `render'
  actionview (4.1.4) lib/action_view/renderer/renderer.rb:42:in `render_template'
  actionview (4.1.4) lib/action_view/renderer/renderer.rb:23:in `render'
  actionview (4.1.4) lib/action_view/rendering.rb:99:in `_render_template'
  actionpack (4.1.4) lib/action_controller/metal/streaming.rb:217:in `_render_template'
  actionview (4.1.4) lib/action_view/rendering.rb:82:in `render_to_body'
  actionpack (4.1.4) lib/action_controller/metal/rendering.rb:32:in `render_to_body'
  actionpack (4.1.4) lib/action_controller/metal/renderers.rb:32:in `render_to_body'
  actionpack (4.1.4) lib/abstract_controller/rendering.rb:25:in `render'
  actionpack (4.1.4) lib/action_controller/metal/rendering.rb:16:in `render'
  actionpack (4.1.4) lib/action_controller/metal/instrumentation.rb:41:in `block (2 levels) in render'
  activesupport (4.1.4) lib/active_support/core_ext/benchmark.rb:12:in `block in ms'
  /usr/local/Cellar/rbenv/versions/2.1.2/lib/ruby/2.1.0/benchmark.rb:294:in `realtime'
  activesupport (4.1.4) lib/active_support/core_ext/benchmark.rb:12:in `ms'
  actionpack (4.1.4) lib/action_controller/metal/instrumentation.rb:41:in `block in render'
  actionpack (4.1.4) lib/action_controller/metal/instrumentation.rb:84:in `cleanup_view_runtime'
  activerecord (4.1.4) lib/active_record/railties/controller_runtime.rb:25:in `cleanup_view_runtime'
  actionpack (4.1.4) lib/action_controller/metal/instrumentation.rb:40:in `render'
  actionpack (4.1.4) lib/action_controller/metal/implicit_render.rb:10:in `default_render'
  actionpack (4.1.4) lib/action_controller/metal/implicit_render.rb:5:in `send_action'
  actionpack (4.1.4) lib/abstract_controller/base.rb:189:in `process_action'
  actionpack (4.1.4) lib/action_controller/metal/rendering.rb:10:in `process_action'
  actionpack (4.1.4) lib/abstract_controller/callbacks.rb:20:in `block in process_action'
  activesupport (4.1.4) lib/active_support/callbacks.rb:113:in `call'
  activesupport (4.1.4) lib/active_support/callbacks.rb:113:in `call'
  activesupport (4.1.4) lib/active_support/callbacks.rb:229:in `block in halting'
  activesupport (4.1.4) lib/active_support/callbacks.rb:229:in `call'
  activesupport (4.1.4) lib/active_support/callbacks.rb:229:in `block in halting'
  activesupport (4.1.4) lib/active_support/callbacks.rb:166:in `call'
  activesupport (4.1.4) lib/active_support/callbacks.rb:166:in `block in halting'
  activesupport (4.1.4) lib/active_support/callbacks.rb:166:in `call'
  activesupport (4.1.4) lib/active_support/callbacks.rb:166:in `block in halting'
  activesupport (4.1.4) lib/active_support/callbacks.rb:166:in `call'
  activesupport (4.1.4) lib/active_support/callbacks.rb:166:in `block in halting'
  activesupport (4.1.4) lib/active_support/callbacks.rb:86:in `call'
  activesupport (4.1.4) lib/active_support/callbacks.rb:86:in `run_callbacks'
  actionpack (4.1.4) lib/abstract_controller/callbacks.rb:19:in `process_action'
  actionpack (4.1.4) lib/action_controller/metal/rescue.rb:29:in `process_action'
  actionpack (4.1.4) lib/action_controller/metal/instrumentation.rb:31:in `block in process_action'
  activesupport (4.1.4) lib/active_support/notifications.rb:159:in `block in instrument'
  activesupport (4.1.4) lib/active_support/notifications/instrumenter.rb:20:in `instrument'
  activesupport (4.1.4) lib/active_support/notifications.rb:159:in `instrument'
  actionpack (4.1.4) lib/action_controller/metal/instrumentation.rb:30:in `process_action'
  actionpack (4.1.4) lib/action_controller/metal/params_wrapper.rb:250:in `process_action'
  activerecord (4.1.4) lib/active_record/railties/controller_runtime.rb:18:in `process_action'
  actionpack (4.1.4) lib/abstract_controller/base.rb:136:in `process'
  actionview (4.1.4) lib/action_view/rendering.rb:30:in `process'
  actionpack (4.1.4) lib/action_controller/metal.rb:196:in `dispatch'
  actionpack (4.1.4) lib/action_controller/metal/rack_delegation.rb:13:in `dispatch'
  actionpack (4.1.4) lib/action_controller/metal.rb:232:in `block in action'
  actionpack (4.1.4) lib/action_dispatch/routing/route_set.rb:82:in `call'
  actionpack (4.1.4) lib/action_dispatch/routing/route_set.rb:82:in `dispatch'
  actionpack (4.1.4) lib/action_dispatch/routing/route_set.rb:50:in `call'
  actionpack (4.1.4) lib/action_dispatch/journey/router.rb:71:in `block in call'
  actionpack (4.1.4) lib/action_dispatch/journey/router.rb:59:in `each'
  actionpack (4.1.4) lib/action_dispatch/journey/router.rb:59:in `call'
  actionpack (4.1.4) lib/action_dispatch/routing/route_set.rb:678:in `call'
  rack (1.5.2) lib/rack/etag.rb:23:in `call'
  rack (1.5.2) lib/rack/conditionalget.rb:25:in `call'
  rack (1.5.2) lib/rack/head.rb:11:in `call'
  actionpack (4.1.4) lib/action_dispatch/middleware/params_parser.rb:27:in `call'
  actionpack (4.1.4) lib/action_dispatch/middleware/flash.rb:254:in `call'
  rack (1.5.2) lib/rack/session/abstract/id.rb:225:in `context'
  rack (1.5.2) lib/rack/session/abstract/id.rb:220:in `call'
  actionpack (4.1.4) lib/action_dispatch/middleware/cookies.rb:560:in `call'
  activerecord (4.1.4) lib/active_record/query_cache.rb:36:in `call'
  activerecord (4.1.4) lib/active_record/connection_adapters/abstract/connection_pool.rb:621:in `call'
  activerecord (4.1.4) lib/active_record/migration.rb:380:in `call'
  actionpack (4.1.4) lib/action_dispatch/middleware/callbacks.rb:29:in `block in call'
  activesupport (4.1.4) lib/active_support/callbacks.rb:82:in `run_callbacks'
  actionpack (4.1.4) lib/action_dispatch/middleware/callbacks.rb:27:in `call'
  actionpack (4.1.4) lib/action_dispatch/middleware/reloader.rb:73:in `call'
  actionpack (4.1.4) lib/action_dispatch/middleware/remote_ip.rb:76:in `call'
  actionpack (4.1.4) lib/action_dispatch/middleware/debug_exceptions.rb:17:in `call'
  actionpack (4.1.4) lib/action_dispatch/middleware/show_exceptions.rb:30:in `call'
  railties (4.1.4) lib/rails/rack/logger.rb:38:in `call_app'
  railties (4.1.4) lib/rails/rack/logger.rb:20:in `block in call'
  activesupport (4.1.4) lib/active_support/tagged_logging.rb:68:in `block in tagged'
  activesupport (4.1.4) lib/active_support/tagged_logging.rb:26:in `tagged'
  activesupport (4.1.4) lib/active_support/tagged_logging.rb:68:in `tagged'
  railties (4.1.4) lib/rails/rack/logger.rb:20:in `call'
  actionpack (4.1.4) lib/action_dispatch/middleware/request_id.rb:21:in `call'
  rack (1.5.2) lib/rack/methodoverride.rb:21:in `call'
  rack (1.5.2) lib/rack/runtime.rb:17:in `call'
  activesupport (4.1.4) lib/active_support/cache/strategy/local_cache_middleware.rb:26:in `call'
  rack (1.5.2) lib/rack/lock.rb:17:in `call'
  actionpack (4.1.4) lib/action_dispatch/middleware/static.rb:64:in `call'
  rack (1.5.2) lib/rack/sendfile.rb:112:in `call'
  railties (4.1.4) lib/rails/engine.rb:514:in `call'
  railties (4.1.4) lib/rails/application.rb:144:in `call'
  puma (2.9.0) lib/puma/rack_patch.rb:13:in `call'
  puma (2.9.0) lib/puma/configuration.rb:71:in `call'
  puma (2.9.0) lib/puma/server.rb:490:in `handle_request'
  puma (2.9.0) lib/puma/server.rb:361:in `process_client'
  puma (2.9.0) lib/puma/server.rb:254:in `block in run'
  puma (2.9.0) lib/puma/thread_pool.rb:92:in `call'
  puma (2.9.0) lib/puma/thread_pool.rb:92:in `block in spawn_thread'


  Rendered /usr/local/Cellar/rbenv/versions/2.1.2/lib/ruby/gems/2.1.0/gems/actionpack-4.1.4/lib/action_dispatch/middleware/templates/rescues/template_error.html.erb within rescues/layout (5.2ms)


Started GET "/" for 127.0.0.1 at 2014-08-07 18:37:07 +0200
Processing by WelcomeController#home as HTML
  Rendered welcome/home.slim within layouts/application (2.3ms)
Completed 500 Internal Server Error in 5ms

ActionView::Template::Error (Text line not indented deep enough.
The first text line defines the necessary text indentation.
Are you trying to nest a child tag in a tag containing text? Use | for the text block!
  /Users/gdurelle/Sites/githubmates/app/views/welcome/home.slim, Line 2, Column 2
    p Find me in app/views/welcome/home.html.erb
    ^
):
  slim (2.0.2) lib/slim/parser.rb:478:in `syntax_error!'
  slim (2.0.2) lib/slim/parser.rb:272:in `parse_text_block'
  slim (2.0.2) lib/slim/parser.rb:357:in `parse_tag'
  slim (2.0.2) lib/slim/parser.rb:228:in `parse_line_indicators'
  slim (2.0.2) lib/slim/parser.rb:176:in `parse_line'
  slim (2.0.2) lib/slim/parser.rb:77:in `call'
  temple (0.6.7) lib/temple/engine.rb:50:in `block in call'
  temple (0.6.7) lib/temple/engine.rb:50:in `each'
  temple (0.6.7) lib/temple/engine.rb:50:in `inject'
  temple (0.6.7) lib/temple/engine.rb:50:in `call'
  temple (0.6.7) lib/temple/mixins/template.rb:10:in `compile'
  temple (0.6.7) lib/temple/templates/rails.rb:34:in `call'
  actionview (4.1.4) lib/action_view/template.rb:270:in `compile'
  actionview (4.1.4) lib/action_view/template.rb:245:in `block (2 levels) in compile!'
  activesupport (4.1.4) lib/active_support/notifications.rb:161:in `instrument'
  actionview (4.1.4) lib/action_view/template.rb:339:in `instrument'
  actionview (4.1.4) lib/action_view/template.rb:244:in `block in compile!'
  actionview (4.1.4) lib/action_view/template.rb:232:in `synchronize'
  actionview (4.1.4) lib/action_view/template.rb:232:in `compile!'
  actionview (4.1.4) lib/action_view/template.rb:144:in `block in render'
  activesupport (4.1.4) lib/active_support/notifications.rb:161:in `instrument'
  actionview (4.1.4) lib/action_view/template.rb:339:in `instrument'
  actionview (4.1.4) lib/action_view/template.rb:143:in `render'
  actionview (4.1.4) lib/action_view/renderer/template_renderer.rb:55:in `block (2 levels) in render_template'
  actionview (4.1.4) lib/action_view/renderer/abstract_renderer.rb:38:in `block in instrument'
  activesupport (4.1.4) lib/active_support/notifications.rb:159:in `block in instrument'
  activesupport (4.1.4) lib/active_support/notifications/instrumenter.rb:20:in `instrument'
  activesupport (4.1.4) lib/active_support/notifications.rb:159:in `instrument'
  actionview (4.1.4) lib/action_view/renderer/abstract_renderer.rb:38:in `instrument'
  actionview (4.1.4) lib/action_view/renderer/template_renderer.rb:54:in `block in render_template'
  actionview (4.1.4) lib/action_view/renderer/template_renderer.rb:62:in `render_with_layout'
  actionview (4.1.4) lib/action_view/renderer/template_renderer.rb:53:in `render_template'
  actionview (4.1.4) lib/action_view/renderer/template_renderer.rb:17:in `render'
  actionview (4.1.4) lib/action_view/renderer/renderer.rb:42:in `render_template'
  actionview (4.1.4) lib/action_view/renderer/renderer.rb:23:in `render'
  actionview (4.1.4) lib/action_view/rendering.rb:99:in `_render_template'
  actionpack (4.1.4) lib/action_controller/metal/streaming.rb:217:in `_render_template'
  actionview (4.1.4) lib/action_view/rendering.rb:82:in `render_to_body'
  actionpack (4.1.4) lib/action_controller/metal/rendering.rb:32:in `render_to_body'
  actionpack (4.1.4) lib/action_controller/metal/renderers.rb:32:in `render_to_body'
  actionpack (4.1.4) lib/abstract_controller/rendering.rb:25:in `render'
  actionpack (4.1.4) lib/action_controller/metal/rendering.rb:16:in `render'
  actionpack (4.1.4) lib/action_controller/metal/instrumentation.rb:41:in `block (2 levels) in render'
  activesupport (4.1.4) lib/active_support/core_ext/benchmark.rb:12:in `block in ms'
  /usr/local/Cellar/rbenv/versions/2.1.2/lib/ruby/2.1.0/benchmark.rb:294:in `realtime'
  activesupport (4.1.4) lib/active_support/core_ext/benchmark.rb:12:in `ms'
  actionpack (4.1.4) lib/action_controller/metal/instrumentation.rb:41:in `block in render'
  actionpack (4.1.4) lib/action_controller/metal/instrumentation.rb:84:in `cleanup_view_runtime'
  activerecord (4.1.4) lib/active_record/railties/controller_runtime.rb:25:in `cleanup_view_runtime'
  actionpack (4.1.4) lib/action_controller/metal/instrumentation.rb:40:in `render'
  actionpack (4.1.4) lib/action_controller/metal/implicit_render.rb:10:in `default_render'
  actionpack (4.1.4) lib/action_controller/metal/implicit_render.rb:5:in `send_action'
  actionpack (4.1.4) lib/abstract_controller/base.rb:189:in `process_action'
  actionpack (4.1.4) lib/action_controller/metal/rendering.rb:10:in `process_action'
  actionpack (4.1.4) lib/abstract_controller/callbacks.rb:20:in `block in process_action'
  activesupport (4.1.4) lib/active_support/callbacks.rb:113:in `call'
  activesupport (4.1.4) lib/active_support/callbacks.rb:113:in `call'
  activesupport (4.1.4) lib/active_support/callbacks.rb:229:in `block in halting'
  activesupport (4.1.4) lib/active_support/callbacks.rb:229:in `call'
  activesupport (4.1.4) lib/active_support/callbacks.rb:229:in `block in halting'
  activesupport (4.1.4) lib/active_support/callbacks.rb:166:in `call'
  activesupport (4.1.4) lib/active_support/callbacks.rb:166:in `block in halting'
  activesupport (4.1.4) lib/active_support/callbacks.rb:166:in `call'
  activesupport (4.1.4) lib/active_support/callbacks.rb:166:in `block in halting'
  activesupport (4.1.4) lib/active_support/callbacks.rb:166:in `call'
  activesupport (4.1.4) lib/active_support/callbacks.rb:166:in `block in halting'
  activesupport (4.1.4) lib/active_support/callbacks.rb:86:in `call'
  activesupport (4.1.4) lib/active_support/callbacks.rb:86:in `run_callbacks'
  actionpack (4.1.4) lib/abstract_controller/callbacks.rb:19:in `process_action'
  actionpack (4.1.4) lib/action_controller/metal/rescue.rb:29:in `process_action'
  actionpack (4.1.4) lib/action_controller/metal/instrumentation.rb:31:in `block in process_action'
  activesupport (4.1.4) lib/active_support/notifications.rb:159:in `block in instrument'
  activesupport (4.1.4) lib/active_support/notifications/instrumenter.rb:20:in `instrument'
  activesupport (4.1.4) lib/active_support/notifications.rb:159:in `instrument'
  actionpack (4.1.4) lib/action_controller/metal/instrumentation.rb:30:in `process_action'
  actionpack (4.1.4) lib/action_controller/metal/params_wrapper.rb:250:in `process_action'
  activerecord (4.1.4) lib/active_record/railties/controller_runtime.rb:18:in `process_action'
  actionpack (4.1.4) lib/abstract_controller/base.rb:136:in `process'
  actionview (4.1.4) lib/action_view/rendering.rb:30:in `process'
  actionpack (4.1.4) lib/action_controller/metal.rb:196:in `dispatch'
  actionpack (4.1.4) lib/action_controller/metal/rack_delegation.rb:13:in `dispatch'
  actionpack (4.1.4) lib/action_controller/metal.rb:232:in `block in action'
  actionpack (4.1.4) lib/action_dispatch/routing/route_set.rb:82:in `call'
  actionpack (4.1.4) lib/action_dispatch/routing/route_set.rb:82:in `dispatch'
  actionpack (4.1.4) lib/action_dispatch/routing/route_set.rb:50:in `call'
  actionpack (4.1.4) lib/action_dispatch/journey/router.rb:71:in `block in call'
  actionpack (4.1.4) lib/action_dispatch/journey/router.rb:59:in `each'
  actionpack (4.1.4) lib/action_dispatch/journey/router.rb:59:in `call'
  actionpack (4.1.4) lib/action_dispatch/routing/route_set.rb:678:in `call'
  rack (1.5.2) lib/rack/etag.rb:23:in `call'
  rack (1.5.2) lib/rack/conditionalget.rb:25:in `call'
  rack (1.5.2) lib/rack/head.rb:11:in `call'
  actionpack (4.1.4) lib/action_dispatch/middleware/params_parser.rb:27:in `call'
  actionpack (4.1.4) lib/action_dispatch/middleware/flash.rb:254:in `call'
  rack (1.5.2) lib/rack/session/abstract/id.rb:225:in `context'
  rack (1.5.2) lib/rack/session/abstract/id.rb:220:in `call'
  actionpack (4.1.4) lib/action_dispatch/middleware/cookies.rb:560:in `call'
  activerecord (4.1.4) lib/active_record/query_cache.rb:36:in `call'
  activerecord (4.1.4) lib/active_record/connection_adapters/abstract/connection_pool.rb:621:in `call'
  activerecord (4.1.4) lib/active_record/migration.rb:380:in `call'
  actionpack (4.1.4) lib/action_dispatch/middleware/callbacks.rb:29:in `block in call'
  activesupport (4.1.4) lib/active_support/callbacks.rb:82:in `run_callbacks'
  actionpack (4.1.4) lib/action_dispatch/middleware/callbacks.rb:27:in `call'
  actionpack (4.1.4) lib/action_dispatch/middleware/reloader.rb:73:in `call'
  actionpack (4.1.4) lib/action_dispatch/middleware/remote_ip.rb:76:in `call'
  actionpack (4.1.4) lib/action_dispatch/middleware/debug_exceptions.rb:17:in `call'
  actionpack (4.1.4) lib/action_dispatch/middleware/show_exceptions.rb:30:in `call'
  railties (4.1.4) lib/rails/rack/logger.rb:38:in `call_app'
  railties (4.1.4) lib/rails/rack/logger.rb:20:in `block in call'
  activesupport (4.1.4) lib/active_support/tagged_logging.rb:68:in `block in tagged'
  activesupport (4.1.4) lib/active_support/tagged_logging.rb:26:in `tagged'
  activesupport (4.1.4) lib/active_support/tagged_logging.rb:68:in `tagged'
  railties (4.1.4) lib/rails/rack/logger.rb:20:in `call'
  actionpack (4.1.4) lib/action_dispatch/middleware/request_id.rb:21:in `call'
  rack (1.5.2) lib/rack/methodoverride.rb:21:in `call'
  rack (1.5.2) lib/rack/runtime.rb:17:in `call'
  activesupport (4.1.4) lib/active_support/cache/strategy/local_cache_middleware.rb:26:in `call'
  rack (1.5.2) lib/rack/lock.rb:17:in `call'
  actionpack (4.1.4) lib/action_dispatch/middleware/static.rb:64:in `call'
  rack (1.5.2) lib/rack/sendfile.rb:112:in `call'
  railties (4.1.4) lib/rails/engine.rb:514:in `call'
  railties (4.1.4) lib/rails/application.rb:144:in `call'
  puma (2.9.0) lib/puma/rack_patch.rb:13:in `call'
  puma (2.9.0) lib/puma/configuration.rb:71:in `call'
  puma (2.9.0) lib/puma/server.rb:490:in `handle_request'
  puma (2.9.0) lib/puma/server.rb:361:in `process_client'
  puma (2.9.0) lib/puma/server.rb:254:in `block in run'
  puma (2.9.0) lib/puma/thread_pool.rb:92:in `call'
  puma (2.9.0) lib/puma/thread_pool.rb:92:in `block in spawn_thread'


  Rendered /usr/local/Cellar/rbenv/versions/2.1.2/lib/ruby/gems/2.1.0/gems/actionpack-4.1.4/lib/action_dispatch/middleware/templates/rescues/template_error.html.erb within rescues/layout (6.4ms)


Started GET "/" for 127.0.0.1 at 2014-08-07 18:37:38 +0200
Processing by WelcomeController#home as HTML
  Rendered welcome/home.slim within layouts/application (21.7ms)
Completed 200 OK in 811ms (Views: 810.5ms | ActiveRecord: 0.0ms)


Started GET "/assets/welcome.css?body=1" for 127.0.0.1 at 2014-08-07 18:37:38 +0200


Started GET "/assets/application.css?body=1" for 127.0.0.1 at 2014-08-07 18:37:38 +0200


Started GET "/assets/turbolinks.js?body=1" for 127.0.0.1 at 2014-08-07 18:37:38 +0200


Started GET "/assets/jquery_ujs.js?body=1" for 127.0.0.1 at 2014-08-07 18:37:38 +0200


Started GET "/assets/welcome.js?body=1" for 127.0.0.1 at 2014-08-07 18:37:38 +0200


Started GET "/assets/jquery.js?body=1" for 127.0.0.1 at 2014-08-07 18:37:38 +0200


Started GET "/assets/application.js?body=1" for 127.0.0.1 at 2014-08-07 18:37:38 +0200
